[GIN-debug] [WARNING] Creating an Engine instance with the Logger and Recovery middleware already attached.

[GIN-debug] [WARNING] Running in "debug" mode. Switch to "release" mode in production.
 - using env:	export GIN_MODE=release
 - using code:	gin.SetMode(gin.ReleaseMode)

[GIN-debug] GET    /stock                    --> stonk-watcher/internal/handlers.StockHandler (4 handlers)
[GIN-debug] DELETE /stock                    --> stonk-watcher/internal/handlers.TruncateStockInfo (4 handlers)
[GIN-debug] GET    /stock/price              --> stonk-watcher/internal/handlers.StockPriceHandler (4 handlers)
[GIN-debug] GET    /watchlist                --> stonk-watcher/internal/handlers.GetWatchlistHandler (4 handlers)
[GIN-debug] POST   /watchlist                --> stonk-watcher/internal/handlers.UpdateWatchlistHandler (4 handlers)
[GIN-debug] GET    /                         --> stonk-watcher/internal/handlers.StaticHandler.func1 (4 handlers)
[GIN-debug] GET    /static/*file             --> stonk-watcher/internal/handlers.StaticHandler.func1 (4 handlers)
[GIN-debug] Environment variable PORT is undefined. Using port :8080 by default
[GIN-debug] Listening and serving HTTP on :8080
[GIN] 2021/03/15 - 11:29:24 | 200 |  580.529655ms |             ::1 | GET      "/stock/price?ticker=AAPL"
[GIN] 2021/03/15 - 11:29:24 | 200 |  585.163374ms |             ::1 | GET      "/stock/price?ticker=MSFT"
[GIN] 2021/03/15 - 11:29:25 | 200 |  519.946998ms |             ::1 | GET      "/stock/price?ticker=GOOG"
[GIN] 2021/03/15 - 11:29:25 | 200 |  542.376721ms |             ::1 | GET      "/stock/price?ticker=NFLX"
[GIN] 2021/03/15 - 11:29:25 | 200 |  1.248574732s |             ::1 | GET      "/stock/price?ticker=TWTR"
[GIN] 2021/03/15 - 11:29:25 | 200 |  1.280680462s |             ::1 | GET      "/stock/price?ticker=ADBE"
[GIN] 2021/03/15 - 11:29:25 | 200 |  273.414442ms |             ::1 | GET      "/stock/price?ticker=BABA"
[GIN] 2021/03/15 - 11:29:25 | 200 |  1.481132697s |             ::1 | GET      "/stock/price?ticker=FB"
[GIN] 2021/03/15 - 11:29:25 | 200 |   1.55284596s |             ::1 | GET      "/stock/price?ticker=AMZN"
[GIN] 2021/03/15 - 11:29:25 | 200 |  313.846626ms |             ::1 | GET      "/stock/price?ticker=TSLA"
[GIN] 2021/03/15 - 11:29:25 | 200 |   305.25072ms |             ::1 | GET      "/stock/price?ticker=SNE"
[GIN] 2021/03/15 - 11:29:25 | 200 |  280.391157ms |             ::1 | GET      "/stock/price?ticker=VMW"
[GIN] 2021/03/15 - 11:29:26 | 200 |  296.393811ms |             ::1 | GET      "/stock/price?ticker=FANG"
[GIN] 2021/03/15 - 11:29:26 | 200 |  364.254708ms |             ::1 | GET      "/stock/price?ticker=SLB"
[GIN] 2021/03/15 - 11:29:26 | 200 |  285.626416ms |             ::1 | GET      "/stock/price?ticker=FTI"
[GIN] 2021/03/15 - 11:29:26 | 200 |  258.476552ms |             ::1 | GET      "/stock/price?ticker=FE"
[GIN] 2021/03/15 - 11:29:26 | 200 |  1.216789361s |             ::1 | GET      "/stock/price?ticker=NVDA"
[GIN] 2021/03/15 - 11:29:26 | 200 |  492.316917ms |             ::1 | GET      "/stock/price?ticker=ET"
[GIN] 2021/03/15 - 11:29:26 | 200 |  281.923487ms |             ::1 | GET      "/stock/price?ticker=GME"
[GIN] 2021/03/15 - 11:29:26 | 200 |  259.433961ms |             ::1 | GET      "/stock/price?ticker=T"
[GIN] 2021/03/15 - 11:29:26 | 200 |  285.777547ms |             ::1 | GET      "/stock/price?ticker=VZ"
[GIN] 2021/03/15 - 11:29:26 | 200 |  1.210250598s |             ::1 | GET      "/stock/price?ticker=XOM"
[GIN] 2021/03/15 - 11:29:26 | 200 |  260.674326ms |             ::1 | GET      "/stock/price?ticker=KO"
[GIN] 2021/03/15 - 11:29:26 | 200 |  1.227404557s |             ::1 | GET      "/stock/price?ticker=CVX"
[GIN] 2021/03/15 - 11:29:27 | 200 |  308.888803ms |             ::1 | GET      "/stock/price?ticker=PEP"
[GIN] 2021/03/15 - 11:29:27 | 200 |  290.259972ms |             ::1 | GET      "/stock/price?ticker=NOC"
[GIN] 2021/03/15 - 11:29:27 | 200 |  285.852613ms |             ::1 | GET      "/stock/price?ticker=WMT"
[GIN] 2021/03/15 - 11:29:27 | 200 |  287.960149ms |             ::1 | GET      "/stock/price?ticker=BBY"
[GIN] 2021/03/15 - 11:29:27 | 200 |  1.206073544s |             ::1 | GET      "/stock/price?ticker=PFE"
[GIN] 2021/03/15 - 11:29:27 | 200 |  514.973133ms |             ::1 | GET      "/stock/price?ticker=LMT"
[GIN] 2021/03/15 - 11:29:43 | 200 |  293.574788ms |             ::1 | GET      "/stock/price?ticker=MSFT"
[GIN] 2021/03/15 - 11:29:43 | 200 |  299.229206ms |             ::1 | GET      "/stock/price?ticker=FB"
[GIN] 2021/03/15 - 11:29:43 | 200 |  311.612264ms |             ::1 | GET      "/stock/price?ticker=ADBE"
[GIN] 2021/03/15 - 11:29:43 | 200 |  313.497116ms |             ::1 | GET      "/stock/price?ticker=AMZN"
[GIN] 2021/03/15 - 11:29:43 | 200 |  315.624169ms |             ::1 | GET      "/stock/price?ticker=TWTR"
[GIN] 2021/03/15 - 11:29:43 | 200 |  515.079289ms |             ::1 | GET      "/stock/price?ticker=AAPL"
[GIN] 2021/03/15 - 11:29:43 | 200 |  291.589553ms |             ::1 | GET      "/stock/price?ticker=BABA"
[GIN] 2021/03/15 - 11:29:43 | 200 |  311.114118ms |             ::1 | GET      "/stock/price?ticker=GOOG"
[GIN] 2021/03/15 - 11:29:43 | 200 |  296.457575ms |             ::1 | GET      "/stock/price?ticker=TSLA"
[GIN] 2021/03/15 - 11:29:43 | 200 |  307.035136ms |             ::1 | GET      "/stock/price?ticker=NFLX"
[GIN] 2021/03/15 - 11:29:43 | 200 |  306.618237ms |             ::1 | GET      "/stock/price?ticker=NVDA"
[GIN] 2021/03/15 - 11:29:44 | 200 |   315.03984ms |             ::1 | GET      "/stock/price?ticker=FANG"
[GIN] 2021/03/15 - 11:29:44 | 200 |  386.522103ms |             ::1 | GET      "/stock/price?ticker=SLB"
[GIN] 2021/03/15 - 11:29:44 | 200 |  511.854758ms |             ::1 | GET      "/stock/price?ticker=SNE"
[GIN] 2021/03/15 - 11:29:44 | 200 |  413.738363ms |             ::1 | GET      "/stock/price?ticker=VMW"
[GIN] 2021/03/15 - 11:29:44 | 200 |  417.319872ms |             ::1 | GET      "/stock/price?ticker=XOM"
[GIN] 2021/03/15 - 11:29:44 | 200 |  307.026324ms |             ::1 | GET      "/stock/price?ticker=FTI"
[GIN] 2021/03/15 - 11:29:44 | 200 |  331.923349ms |             ::1 | GET      "/stock/price?ticker=FE"
[GIN] 2021/03/15 - 11:29:44 | 200 |   356.76069ms |             ::1 | GET      "/stock/price?ticker=GME"
[GIN] 2021/03/15 - 11:29:44 | 200 |   369.88536ms |             ::1 | GET      "/stock/price?ticker=PFE"
[GIN] 2021/03/15 - 11:29:44 | 200 |  387.126533ms |             ::1 | GET      "/stock/price?ticker=ET"
[GIN] 2021/03/15 - 11:29:44 | 200 |  267.501133ms |             ::1 | GET      "/stock/price?ticker=T"
[GIN] 2021/03/15 - 11:29:44 | 200 |  267.659387ms |             ::1 | GET      "/stock/price?ticker=VZ"
[GIN] 2021/03/15 - 11:29:44 | 200 |  264.102301ms |             ::1 | GET      "/stock/price?ticker=KO"
[GIN] 2021/03/15 - 11:29:44 | 200 |  283.445497ms |             ::1 | GET      "/stock/price?ticker=NOC"
[GIN] 2021/03/15 - 11:29:44 | 200 |  285.754403ms |             ::1 | GET      "/stock/price?ticker=PEP"
[GIN] 2021/03/15 - 11:29:44 | 200 |  1.202408713s |             ::1 | GET      "/stock/price?ticker=CVX"
[GIN] 2021/03/15 - 11:29:44 | 200 |  294.564324ms |             ::1 | GET      "/stock/price?ticker=LMT"
[GIN] 2021/03/15 - 11:29:45 | 200 |   316.71489ms |             ::1 | GET      "/stock/price?ticker=BBY"
[GIN] 2021/03/15 - 11:29:45 | 200 |  1.208401237s |             ::1 | GET      "/stock/price?ticker=WMT"
[GIN] 2021/03/15 - 11:30:01 | 200 |  356.632236ms |             ::1 | GET      "/stock/price?ticker=MSFT"
[GIN] 2021/03/15 - 11:30:01 | 200 |  376.981512ms |             ::1 | GET      "/stock/price?ticker=FB"
[GIN] 2021/03/15 - 11:30:01 | 200 |  374.990407ms |             ::1 | GET      "/stock/price?ticker=ADBE"
[GIN] 2021/03/15 - 11:30:01 | 200 |  376.382707ms |             ::1 | GET      "/stock/price?ticker=AAPL"
[GIN] 2021/03/15 - 11:30:01 | 200 |   378.14914ms |             ::1 | GET      "/stock/price?ticker=TWTR"
[GIN] 2021/03/15 - 11:30:01 | 200 |  382.954159ms |             ::1 | GET      "/stock/price?ticker=AMZN"
[GIN] 2021/03/15 - 11:30:01 | 200 |   328.98205ms |             ::1 | GET      "/stock/price?ticker=BABA"
[GIN] 2021/03/15 - 11:30:01 | 200 |  353.386542ms |             ::1 | GET      "/stock/price?ticker=GOOG"
[GIN] 2021/03/15 - 11:30:01 | 200 |  339.927622ms |             ::1 | GET      "/stock/price?ticker=TSLA"
[GIN] 2021/03/15 - 11:30:01 | 200 |  359.988303ms |             ::1 | GET      "/stock/price?ticker=NFLX"
[GIN] 2021/03/15 - 11:30:02 | 200 |  501.682582ms |             ::1 | GET      "/stock/price?ticker=NVDA"
[GIN] 2021/03/15 - 11:30:02 | 200 |   300.92959ms |             ::1 | GET      "/stock/price?ticker=VMW"
[GIN] 2021/03/15 - 11:30:02 | 200 |   289.62633ms |             ::1 | GET      "/stock/price?ticker=SLB"
[GIN] 2021/03/15 - 11:30:02 | 200 |  304.471303ms |             ::1 | GET      "/stock/price?ticker=CVX"
[GIN] 2021/03/15 - 11:30:02 | 200 |  327.441891ms |             ::1 | GET      "/stock/price?ticker=XOM"
[GIN] 2021/03/15 - 11:30:02 | 200 |  316.410937ms |             ::1 | GET      "/stock/price?ticker=FANG"
[GIN] 2021/03/15 - 11:30:02 | 200 |  268.461107ms |             ::1 | GET      "/stock/price?ticker=ET"
[GIN] 2021/03/15 - 11:30:02 | 200 |  268.501351ms |             ::1 | GET      "/stock/price?ticker=FE"
[GIN] 2021/03/15 - 11:30:02 | 200 |  303.149804ms |             ::1 | GET      "/stock/price?ticker=FTI"
[GIN] 2021/03/15 - 11:30:02 | 200 |  293.430124ms |             ::1 | GET      "/stock/price?ticker=GME"
[GIN] 2021/03/15 - 11:30:02 | 200 |   266.07374ms |             ::1 | GET      "/stock/price?ticker=VZ"
[GIN] 2021/03/15 - 11:30:02 | 200 |  274.381427ms |             ::1 | GET      "/stock/price?ticker=T"
[GIN] 2021/03/15 - 11:30:02 | 200 |  288.305581ms |             ::1 | GET      "/stock/price?ticker=KO"
[GIN] 2021/03/15 - 11:30:02 | 200 |  1.246235206s |             ::1 | GET      "/stock/price?ticker=SNE"
[GIN] 2021/03/15 - 11:30:03 | 200 |  297.950439ms |             ::1 | GET      "/stock/price?ticker=NOC"
[GIN] 2021/03/15 - 11:30:03 | 200 |  303.864787ms |             ::1 | GET      "/stock/price?ticker=LMT"
[GIN] 2021/03/15 - 11:30:03 | 200 |  302.465266ms |             ::1 | GET      "/stock/price?ticker=WMT"
[GIN] 2021/03/15 - 11:30:03 | 200 |  291.966084ms |             ::1 | GET      "/stock/price?ticker=BBY"
[GIN] 2021/03/15 - 11:30:03 | 200 |  1.208221739s |             ::1 | GET      "/stock/price?ticker=PFE"
[GIN] 2021/03/15 - 11:30:03 | 200 |  1.190401172s |             ::1 | GET      "/stock/price?ticker=PEP"
[GIN] 2021/03/15 - 11:30:19 | 200 |  336.564276ms |             ::1 | GET      "/stock/price?ticker=AAPL"
[GIN] 2021/03/15 - 11:30:19 | 200 |  342.862608ms |             ::1 | GET      "/stock/price?ticker=MSFT"
[GIN] 2021/03/15 - 11:30:19 | 200 |  368.568526ms |             ::1 | GET      "/stock/price?ticker=FB"
[GIN] 2021/03/15 - 11:30:19 | 200 |  369.199484ms |             ::1 | GET      "/stock/price?ticker=ADBE"
[GIN] 2021/03/15 - 11:30:19 | 200 |  489.587424ms |             ::1 | GET      "/stock/price?ticker=TWTR"
[GIN] 2021/03/15 - 11:30:19 | 200 |  318.779977ms |             ::1 | GET      "/stock/price?ticker=GOOG"
[GIN] 2021/03/15 - 11:30:19 | 200 |  316.160523ms |             ::1 | GET      "/stock/price?ticker=BABA"
[GIN] 2021/03/15 - 11:30:19 | 200 |  268.334101ms |             ::1 | GET      "/stock/price?ticker=TSLA"
[GIN] 2021/03/15 - 11:30:20 | 200 |  520.322293ms |             ::1 | GET      "/stock/price?ticker=NFLX"
[GIN] 2021/03/15 - 11:30:20 | 200 |  300.220119ms |             ::1 | GET      "/stock/price?ticker=SNE"
[GIN] 2021/03/15 - 11:30:20 | 200 |   292.51559ms |             ::1 | GET      "/stock/price?ticker=VMW"
[GIN] 2021/03/15 - 11:30:20 | 200 |   310.92723ms |             ::1 | GET      "/stock/price?ticker=XOM"
[GIN] 2021/03/15 - 11:30:20 | 200 |  294.656586ms |             ::1 | GET      "/stock/price?ticker=CVX"
[GIN] 2021/03/15 - 11:30:20 | 200 |     271.254ms |             ::1 | GET      "/stock/price?ticker=FANG"
[GIN] 2021/03/15 - 11:30:20 | 200 |  298.585761ms |             ::1 | GET      "/stock/price?ticker=SLB"
[GIN] 2021/03/15 - 11:30:20 | 200 |  302.948213ms |             ::1 | GET      "/stock/price?ticker=FTI"
[GIN] 2021/03/15 - 11:30:20 | 200 |  1.445131154s |             ::1 | GET      "/stock/price?ticker=AMZN"
[GIN] 2021/03/15 - 11:30:20 | 200 |  316.717346ms |             ::1 | GET      "/stock/price?ticker=ET"
[GIN] 2021/03/15 - 11:30:20 | 200 |  1.179223086s |             ::1 | GET      "/stock/price?ticker=NVDA"
[GIN] 2021/03/15 - 11:30:20 | 200 |  299.301626ms |             ::1 | GET      "/stock/price?ticker=FE"
[GIN] 2021/03/15 - 11:30:20 | 200 |  302.210003ms |             ::1 | GET      "/stock/price?ticker=PFE"
[GIN] 2021/03/15 - 11:30:20 | 200 |  274.767192ms |             ::1 | GET      "/stock/price?ticker=T"
[GIN] 2021/03/15 - 11:30:20 | 200 |   299.52789ms |             ::1 | GET      "/stock/price?ticker=VZ"
[GIN] 2021/03/15 - 11:30:21 | 200 |  314.161973ms |             ::1 | GET      "/stock/price?ticker=KO"
[GIN] 2021/03/15 - 11:30:21 | 200 |   305.14047ms |             ::1 | GET      "/stock/price?ticker=PEP"
[GIN] 2021/03/15 - 11:30:21 | 200 |  311.967465ms |             ::1 | GET      "/stock/price?ticker=NOC"
[GIN] 2021/03/15 - 11:30:21 | 200 |  316.035862ms |             ::1 | GET      "/stock/price?ticker=LMT"
[GIN] 2021/03/15 - 11:30:21 | 200 |  321.685915ms |             ::1 | GET      "/stock/price?ticker=WMT"
[GIN] 2021/03/15 - 11:30:21 | 200 |  528.151453ms |             ::1 | GET      "/stock/price?ticker=BBY"
[GIN] 2021/03/15 - 11:30:21 | 200 |  1.181467972s |             ::1 | GET      "/stock/price?ticker=GME"
[GIN] 2021/03/15 - 11:30:37 | 200 |  306.644863ms |             ::1 | GET      "/stock/price?ticker=AAPL"
[GIN] 2021/03/15 - 11:30:37 | 200 |  307.769566ms |             ::1 | GET      "/stock/price?ticker=AMZN"
[GIN] 2021/03/15 - 11:30:37 | 200 |  327.490815ms |             ::1 | GET      "/stock/price?ticker=TWTR"
[GIN] 2021/03/15 - 11:30:37 | 200 |    330.0576ms |             ::1 | GET      "/stock/price?ticker=FB"
[GIN] 2021/03/15 - 11:30:37 | 200 |  330.817299ms |             ::1 | GET      "/stock/price?ticker=ADBE"
[GIN] 2021/03/15 - 11:30:37 | 200 |  317.483587ms |             ::1 | GET      "/stock/price?ticker=GOOG"
[GIN] 2021/03/15 - 11:30:37 | 200 |  378.899856ms |             ::1 | GET      "/stock/price?ticker=BABA"
[GIN] 2021/03/15 - 11:30:37 | 200 |  394.711524ms |             ::1 | GET      "/stock/price?ticker=NVDA"
[GIN] 2021/03/15 - 11:30:38 | 200 |  286.981935ms |             ::1 | GET      "/stock/price?ticker=SNE"
[GIN] 2021/03/15 - 11:30:38 | 200 |  289.938453ms |             ::1 | GET      "/stock/price?ticker=XOM"
[GIN] 2021/03/15 - 11:30:38 | 200 |    1.1906928s |             ::1 | GET      "/stock/price?ticker=MSFT"
[GIN] 2021/03/15 - 11:30:38 | 200 |  319.877128ms |             ::1 | GET      "/stock/price?ticker=CVX"
[GIN] 2021/03/15 - 11:30:38 | 200 |  534.900729ms |             ::1 | GET      "/stock/price?ticker=VMW"
[GIN] 2021/03/15 - 11:30:38 | 200 |  298.369195ms |             ::1 | GET      "/stock/price?ticker=SLB"
[GIN] 2021/03/15 - 11:30:38 | 200 |  258.547367ms |             ::1 | GET      "/stock/price?ticker=FANG"
[GIN] 2021/03/15 - 11:30:38 | 200 |  253.510448ms |             ::1 | GET      "/stock/price?ticker=ET"
[GIN] 2021/03/15 - 11:30:38 | 200 |  276.504794ms |             ::1 | GET      "/stock/price?ticker=FTI"
[GIN] 2021/03/15 - 11:30:38 | 200 |  1.404711707s |             ::1 | GET      "/stock/price?ticker=NFLX"
[GIN] 2021/03/15 - 11:30:38 | 200 |  320.935443ms |             ::1 | GET      "/stock/price?ticker=PFE"
[GIN] 2021/03/15 - 11:30:38 | 200 |  267.700966ms |             ::1 | GET      "/stock/price?ticker=T"
[GIN] 2021/03/15 - 11:30:38 | 200 |  323.741018ms |             ::1 | GET      "/stock/price?ticker=GME"
[GIN] 2021/03/15 - 11:30:39 | 200 |  1.610584433s |             ::1 | GET      "/stock/price?ticker=TSLA"
[GIN] 2021/03/15 - 11:30:39 | 200 |  265.718988ms |             ::1 | GET      "/stock/price?ticker=VZ"
[GIN] 2021/03/15 - 11:30:39 | 200 |  273.078194ms |             ::1 | GET      "/stock/price?ticker=KO"
[GIN] 2021/03/15 - 11:30:39 | 200 |  295.391919ms |             ::1 | GET      "/stock/price?ticker=NOC"
[GIN] 2021/03/15 - 11:30:39 | 200 |  299.005929ms |             ::1 | GET      "/stock/price?ticker=LMT"
[GIN] 2021/03/15 - 11:30:39 | 200 |  296.083907ms |             ::1 | GET      "/stock/price?ticker=WMT"
[GIN] 2021/03/15 - 11:30:39 | 200 |  1.197754086s |             ::1 | GET      "/stock/price?ticker=FE"
[GIN] 2021/03/15 - 11:30:40 | 200 |  1.174864062s |             ::1 | GET      "/stock/price?ticker=PEP"
[GIN] 2021/03/15 - 11:30:40 | 200 |  1.237696286s |             ::1 | GET      "/stock/price?ticker=BBY"
[GIN] 2021/03/15 - 11:30:56 | 200 |  311.497532ms |             ::1 | GET      "/stock/price?ticker=MSFT"
[GIN] 2021/03/15 - 11:30:56 | 200 |  308.991399ms |             ::1 | GET      "/stock/price?ticker=TWTR"
[GIN] 2021/03/15 - 11:30:56 | 200 |  600.814703ms |             ::1 | GET      "/stock/price?ticker=ADBE"
[GIN] 2021/03/15 - 11:30:56 | 200 |  597.278974ms |             ::1 | GET      "/stock/price?ticker=FB"
[GIN] 2021/03/15 - 11:30:56 | 200 |  326.859461ms |             ::1 | GET      "/stock/price?ticker=GOOG"
[GIN] 2021/03/15 - 11:30:56 | 200 |  303.118883ms |             ::1 | GET      "/stock/price?ticker=NFLX"
[GIN] 2021/03/15 - 11:30:57 | 200 |  254.822989ms |             ::1 | GET      "/stock/price?ticker=BABA"
[GIN] 2021/03/15 - 11:30:57 | 200 |  276.634053ms |             ::1 | GET      "/stock/price?ticker=NVDA"
[GIN] 2021/03/15 - 11:30:57 | 200 |  262.755906ms |             ::1 | GET      "/stock/price?ticker=SNE"
[GIN] 2021/03/15 - 11:30:57 | 200 |   493.88297ms |             ::1 | GET      "/stock/price?ticker=TSLA"
[GIN] 2021/03/15 - 11:30:57 | 200 |  305.358781ms |             ::1 | GET      "/stock/price?ticker=VMW"
[GIN] 2021/03/15 - 11:30:57 | 200 |  323.198727ms |             ::1 | GET      "/stock/price?ticker=XOM"
[GIN] 2021/03/15 - 11:30:57 | 200 |  1.193772572s |             ::1 | GET      "/stock/price?ticker=AAPL"
[GIN] 2021/03/15 - 11:30:57 | 200 |  334.834487ms |             ::1 | GET      "/stock/price?ticker=CVX"
[GIN] 2021/03/15 - 11:30:57 | 200 |  310.501524ms |             ::1 | GET      "/stock/price?ticker=SLB"
[GIN] 2021/03/15 - 11:30:57 | 200 |  319.429305ms |             ::1 | GET      "/stock/price?ticker=FE"
[GIN] 2021/03/15 - 11:30:57 | 200 |  381.798612ms |             ::1 | GET      "/stock/price?ticker=FANG"
[GIN] 2021/03/15 - 11:30:57 | 200 |  1.559178333s |             ::1 | GET      "/stock/price?ticker=AMZN"
[GIN] 2021/03/15 - 11:30:57 | 200 |  363.680077ms |             ::1 | GET      "/stock/price?ticker=FTI"
[GIN] 2021/03/15 - 11:30:57 | 200 |  361.824502ms |             ::1 | GET      "/stock/price?ticker=ET"
[GIN] 2021/03/15 - 11:30:58 | 200 |  320.607347ms |             ::1 | GET      "/stock/price?ticker=T"
[GIN] 2021/03/15 - 11:30:58 | 200 |   339.99175ms |             ::1 | GET      "/stock/price?ticker=VZ"
[GIN] 2021/03/15 - 11:30:58 | 200 |  345.942496ms |             ::1 | GET      "/stock/price?ticker=KO"
[GIN] 2021/03/15 - 11:30:58 | 200 |  381.129847ms |             ::1 | GET      "/stock/price?ticker=GME"
[GIN] 2021/03/15 - 11:30:58 | 200 |  317.764527ms |             ::1 | GET      "/stock/price?ticker=NOC"
[GIN] 2021/03/15 - 11:30:58 | 200 |  340.387146ms |             ::1 | GET      "/stock/price?ticker=LMT"
[GIN] 2021/03/15 - 11:30:58 | 200 |  354.496015ms |             ::1 | GET      "/stock/price?ticker=WMT"
[GIN] 2021/03/15 - 11:30:58 | 200 |  1.209283142s |             ::1 | GET      "/stock/price?ticker=PEP"
[GIN] 2021/03/15 - 11:30:59 | 200 |  1.444019247s |             ::1 | GET      "/stock/price?ticker=PFE"
[GIN] 2021/03/15 - 11:30:59 | 200 |  1.190643577s |             ::1 | GET      "/stock/price?ticker=BBY"
[GIN] 2021/03/15 - 11:31:15 | 200 |  272.841454ms |             ::1 | GET      "/stock/price?ticker=AMZN"
[GIN] 2021/03/15 - 11:31:15 | 200 |  281.197284ms |             ::1 | GET      "/stock/price?ticker=TWTR"
[GIN] 2021/03/15 - 11:31:15 | 200 |  290.784384ms |             ::1 | GET      "/stock/price?ticker=MSFT"
[GIN] 2021/03/15 - 11:31:15 | 200 |  291.187548ms |             ::1 | GET      "/stock/price?ticker=FB"
[GIN] 2021/03/15 - 11:31:15 | 200 |  510.486391ms |             ::1 | GET      "/stock/price?ticker=AAPL"
[GIN] 2021/03/15 - 11:31:15 | 200 |  317.779904ms |             ::1 | GET      "/stock/price?ticker=GOOG"
[GIN] 2021/03/15 - 11:31:15 | 200 |  320.129576ms |             ::1 | GET      "/stock/price?ticker=NFLX"
[GIN] 2021/03/15 - 11:31:15 | 200 |  312.928301ms |             ::1 | GET      "/stock/price?ticker=NVDA"
[GIN] 2021/03/15 - 11:31:15 | 200 |  330.094179ms |             ::1 | GET      "/stock/price?ticker=TSLA"
[GIN] 2021/03/15 - 11:31:16 | 200 |   341.13028ms |             ::1 | GET      "/stock/price?ticker=SNE"
[GIN] 2021/03/15 - 11:31:16 | 200 |  334.505567ms |             ::1 | GET      "/stock/price?ticker=VMW"
[GIN] 2021/03/15 - 11:31:16 | 200 |  333.495798ms |             ::1 | GET      "/stock/price?ticker=XOM"
[GIN] 2021/03/15 - 11:31:16 | 200 |   327.77985ms |             ::1 | GET      "/stock/price?ticker=CVX"
[GIN] 2021/03/15 - 11:31:16 | 200 |  321.703171ms |             ::1 | GET      "/stock/price?ticker=FANG"
[GIN] 2021/03/15 - 11:31:16 | 200 |  335.348457ms |             ::1 | GET      "/stock/price?ticker=FTI"
[GIN] 2021/03/15 - 11:31:16 | 200 |  342.874149ms |             ::1 | GET      "/stock/price?ticker=SLB"
[GIN] 2021/03/15 - 11:31:16 | 200 |  1.286112723s |             ::1 | GET      "/stock/price?ticker=ADBE"
[GIN] 2021/03/15 - 11:31:16 | 200 |  266.284429ms |             ::1 | GET      "/stock/price?ticker=ET"
[GIN] 2021/03/15 - 11:31:16 | 200 |  1.175489958s |             ::1 | GET      "/stock/price?ticker=BABA"
[GIN] 2021/03/15 - 11:31:16 | 200 |  253.416899ms |             ::1 | GET      "/stock/price?ticker=FE"
[GIN] 2021/03/15 - 11:31:16 | 200 |  260.636756ms |             ::1 | GET      "/stock/price?ticker=T"
[GIN] 2021/03/15 - 11:31:16 | 200 |  275.484892ms |             ::1 | GET      "/stock/price?ticker=GME"
[GIN] 2021/03/15 - 11:31:16 | 200 |  288.136005ms |             ::1 | GET      "/stock/price?ticker=PFE"
[GIN] 2021/03/15 - 11:31:16 | 200 |  323.954948ms |             ::1 | GET      "/stock/price?ticker=VZ"
[GIN] 2021/03/15 - 11:31:16 | 200 |  330.855363ms |             ::1 | GET      "/stock/price?ticker=KO"
[GIN] 2021/03/15 - 11:31:16 | 200 |  320.104326ms |             ::1 | GET      "/stock/price?ticker=PEP"
[GIN] 2021/03/15 - 11:31:17 | 200 |   306.76356ms |             ::1 | GET      "/stock/price?ticker=LMT"
[GIN] 2021/03/15 - 11:31:17 | 200 |  313.620301ms |             ::1 | GET      "/stock/price?ticker=WMT"
[GIN] 2021/03/15 - 11:31:17 | 200 |  523.835858ms |             ::1 | GET      "/stock/price?ticker=NOC"
[GIN] 2021/03/15 - 11:31:17 | 200 |  361.887681ms |             ::1 | GET      "/stock/price?ticker=BBY"
[GIN] 2021/03/15 - 11:31:33 | 200 |  307.744745ms |             ::1 | GET      "/stock/price?ticker=TWTR"
[GIN] 2021/03/15 - 11:31:33 | 200 |  316.887273ms |             ::1 | GET      "/stock/price?ticker=AMZN"
[GIN] 2021/03/15 - 11:31:33 | 200 |  318.987576ms |             ::1 | GET      "/stock/price?ticker=AAPL"
[GIN] 2021/03/15 - 11:31:33 | 200 |  338.598659ms |             ::1 | GET      "/stock/price?ticker=FB"
[GIN] 2021/03/15 - 11:31:33 | 200 |   473.91962ms |             ::1 | GET      "/stock/price?ticker=MSFT"
[GIN] 2021/03/15 - 11:31:33 | 200 |  278.571626ms |             ::1 | GET      "/stock/price?ticker=GOOG"
[GIN] 2021/03/15 - 11:31:33 | 200 |  277.038688ms |             ::1 | GET      "/stock/price?ticker=NVDA"
[GIN] 2021/03/15 - 11:31:33 | 200 |  262.147446ms |             ::1 | GET      "/stock/price?ticker=BABA"
[GIN] 2021/03/15 - 11:31:33 | 200 |   282.08633ms |             ::1 | GET      "/stock/price?ticker=NFLX"
[GIN] 2021/03/15 - 11:31:34 | 200 |  352.753884ms |             ::1 | GET      "/stock/price?ticker=SNE"
[GIN] 2021/03/15 - 11:31:34 | 200 |  345.431107ms |             ::1 | GET      "/stock/price?ticker=CVX"
[GIN] 2021/03/15 - 11:31:34 | 200 |  349.792695ms |             ::1 | GET      "/stock/price?ticker=VMW"
[GIN] 2021/03/15 - 11:31:34 | 200 |  269.320193ms |             ::1 | GET      "/stock/price?ticker=FANG"
[GIN] 2021/03/15 - 11:31:34 | 200 |   293.93864ms |             ::1 | GET      "/stock/price?ticker=FTI"
[GIN] 2021/03/15 - 11:31:34 | 200 |  301.320375ms |             ::1 | GET      "/stock/price?ticker=SLB"
[GIN] 2021/03/15 - 11:31:34 | 200 |  1.406324138s |             ::1 | GET      "/stock/price?ticker=ADBE"
[GIN] 2021/03/15 - 11:31:34 | 200 |  277.942041ms |             ::1 | GET      "/stock/price?ticker=ET"
[GIN] 2021/03/15 - 11:31:34 | 200 |   260.54995ms |             ::1 | GET      "/stock/price?ticker=FE"
[GIN] 2021/03/15 - 11:31:34 | 200 |  286.657583ms |             ::1 | GET      "/stock/price?ticker=PFE"
[GIN] 2021/03/15 - 11:31:34 | 200 |  283.658166ms |             ::1 | GET      "/stock/price?ticker=GME"
[GIN] 2021/03/15 - 11:31:34 | 200 |  1.179253332s |             ::1 | GET      "/stock/price?ticker=XOM"
[GIN] 2021/03/15 - 11:31:34 | 200 |  263.906288ms |             ::1 | GET      "/stock/price?ticker=VZ"
[GIN] 2021/03/15 - 11:31:34 | 200 |  288.930642ms |             ::1 | GET      "/stock/price?ticker=KO"
[GIN] 2021/03/15 - 11:31:34 | 200 |  1.395875794s |             ::1 | GET      "/stock/price?ticker=TSLA"
[GIN] 2021/03/15 - 11:31:35 | 200 |  283.117206ms |             ::1 | GET      "/stock/price?ticker=PEP"
[GIN] 2021/03/15 - 11:31:35 | 200 |  273.062569ms |             ::1 | GET      "/stock/price?ticker=LMT"
[GIN] 2021/03/15 - 11:31:35 | 200 |  301.726143ms |             ::1 | GET      "/stock/price?ticker=BBY"
[GIN] 2021/03/15 - 11:31:35 | 200 |  508.021469ms |             ::1 | GET      "/stock/price?ticker=NOC"
[GIN] 2021/03/15 - 11:31:35 | 200 |    550.5903ms |             ::1 | GET      "/stock/price?ticker=WMT"
[GIN] 2021/03/15 - 11:31:35 | 200 |  1.182246321s |             ::1 | GET      "/stock/price?ticker=T"
[GIN] 2021/03/15 - 11:31:51 | 200 |  369.336626ms |             ::1 | GET      "/stock/price?ticker=AMZN"
[GIN] 2021/03/15 - 11:31:51 | 200 |  372.822171ms |             ::1 | GET      "/stock/price?ticker=TWTR"
[GIN] 2021/03/15 - 11:31:51 | 200 |  385.234343ms |             ::1 | GET      "/stock/price?ticker=AAPL"
[GIN] 2021/03/15 - 11:31:51 | 200 |  395.030768ms |             ::1 | GET      "/stock/price?ticker=MSFT"
[GIN] 2021/03/15 - 11:31:51 | 200 |  395.028548ms |             ::1 | GET      "/stock/price?ticker=FB"
[GIN] 2021/03/15 - 11:31:51 | 200 |  298.565088ms |             ::1 | GET      "/stock/price?ticker=GOOG"
[GIN] 2021/03/15 - 11:31:51 | 200 |  296.249125ms |             ::1 | GET      "/stock/price?ticker=BABA"
[GIN] 2021/03/15 - 11:31:51 | 200 |  330.522928ms |             ::1 | GET      "/stock/price?ticker=NFLX"
[GIN] 2021/03/15 - 11:31:51 | 200 |  335.056653ms |             ::1 | GET      "/stock/price?ticker=TSLA"
[GIN] 2021/03/15 - 11:31:51 | 200 |   340.15974ms |             ::1 | GET      "/stock/price?ticker=NVDA"
[GIN] 2021/03/15 - 11:31:52 | 200 |  266.809209ms |             ::1 | GET      "/stock/price?ticker=SNE"
[GIN] 2021/03/15 - 11:31:52 | 200 |  282.257717ms |             ::1 | GET      "/stock/price?ticker=VMW"
[GIN] 2021/03/15 - 11:31:52 | 200 |  275.944284ms |             ::1 | GET      "/stock/price?ticker=XOM"
[GIN] 2021/03/15 - 11:31:52 | 200 |  281.096277ms |             ::1 | GET      "/stock/price?ticker=SLB"
[GIN] 2021/03/15 - 11:31:52 | 200 |   255.45201ms |             ::1 | GET      "/stock/price?ticker=FANG"
[GIN] 2021/03/15 - 11:31:52 | 200 |  261.440031ms |             ::1 | GET      "/stock/price?ticker=ET"
[GIN] 2021/03/15 - 11:31:52 | 200 |  257.413756ms |             ::1 | GET      "/stock/price?ticker=FE"
[GIN] 2021/03/15 - 11:31:52 | 200 |  1.471612247s |             ::1 | GET      "/stock/price?ticker=ADBE"
[GIN] 2021/03/15 - 11:31:52 | 200 |  326.325244ms |             ::1 | GET      "/stock/price?ticker=PFE"
[GIN] 2021/03/15 - 11:31:52 | 200 |  269.341982ms |             ::1 | GET      "/stock/price?ticker=T"
[GIN] 2021/03/15 - 11:31:52 | 200 |  289.022407ms |             ::1 | GET      "/stock/price?ticker=GME"
[GIN] 2021/03/15 - 11:31:52 | 200 |  271.423525ms |             ::1 | GET      "/stock/price?ticker=VZ"
[GIN] 2021/03/15 - 11:31:52 | 200 |  270.837377ms |             ::1 | GET      "/stock/price?ticker=KO"
[GIN] 2021/03/15 - 11:31:52 | 200 |  274.133519ms |             ::1 | GET      "/stock/price?ticker=PEP"
[GIN] 2021/03/15 - 11:31:52 | 200 |  293.920331ms |             ::1 | GET      "/stock/price?ticker=NOC"
[GIN] 2021/03/15 - 11:31:53 | 200 |  1.175052395s |             ::1 | GET      "/stock/price?ticker=CVX"
[GIN] 2021/03/15 - 11:31:53 | 200 |  288.975568ms |             ::1 | GET      "/stock/price?ticker=LMT"
[GIN] 2021/03/15 - 11:31:53 | 200 |  282.912794ms |             ::1 | GET      "/stock/price?ticker=WMT"
[GIN] 2021/03/15 - 11:31:53 | 200 |  336.303447ms |             ::1 | GET      "/stock/price?ticker=BBY"
[GIN] 2021/03/15 - 11:31:53 | 200 |  1.202938754s |             ::1 | GET      "/stock/price?ticker=FTI"
[GIN] 2021/03/15 - 11:32:09 | 200 |  271.803962ms |             ::1 | GET      "/stock/price?ticker=AAPL"
[GIN] 2021/03/15 - 11:32:09 | 200 |  298.437555ms |             ::1 | GET      "/stock/price?ticker=MSFT"
[GIN] 2021/03/15 - 11:32:09 | 200 |  300.233472ms |             ::1 | GET      "/stock/price?ticker=TWTR"
[GIN] 2021/03/15 - 11:32:09 | 200 |  304.830081ms |             ::1 | GET      "/stock/price?ticker=AMZN"
[GIN] 2021/03/15 - 11:32:09 | 200 |  308.881945ms |             ::1 | GET      "/stock/price?ticker=ADBE"
[GIN] 2021/03/15 - 11:32:09 | 200 |  313.939628ms |             ::1 | GET      "/stock/price?ticker=FB"
[GIN] 2021/03/15 - 11:32:09 | 200 |   264.81187ms |             ::1 | GET      "/stock/price?ticker=GOOG"
[GIN] 2021/03/15 - 11:32:09 | 200 |  263.724839ms |             ::1 | GET      "/stock/price?ticker=BABA"
[GIN] 2021/03/15 - 11:32:09 | 200 |  272.531254ms |             ::1 | GET      "/stock/price?ticker=NFLX"
[GIN] 2021/03/15 - 11:32:09 | 200 |  297.135727ms |             ::1 | GET      "/stock/price?ticker=NVDA"
[GIN] 2021/03/15 - 11:32:09 | 200 |  295.874332ms |             ::1 | GET      "/stock/price?ticker=TSLA"
[GIN] 2021/03/15 - 11:32:09 | 200 |  294.912419ms |             ::1 | GET      "/stock/price?ticker=SNE"
[GIN] 2021/03/15 - 11:32:09 | 200 |    291.3837ms |             ::1 | GET      "/stock/price?ticker=VMW"
[GIN] 2021/03/15 - 11:32:09 | 200 |  293.241901ms |             ::1 | GET      "/stock/price?ticker=CVX"
[GIN] 2021/03/15 - 11:32:10 | 200 |  299.829436ms |             ::1 | GET      "/stock/price?ticker=XOM"
[GIN] 2021/03/15 - 11:32:10 | 200 |  271.633569ms |             ::1 | GET      "/stock/price?ticker=FANG"
[GIN] 2021/03/15 - 11:32:10 | 200 |  290.938874ms |             ::1 | GET      "/stock/price?ticker=SLB"
[GIN] 2021/03/15 - 11:32:10 | 200 |  282.427582ms |             ::1 | GET      "/stock/price?ticker=FTI"
[GIN] 2021/03/15 - 11:32:10 | 200 |  267.713501ms |             ::1 | GET      "/stock/price?ticker=ET"
[GIN] 2021/03/15 - 11:32:10 | 200 |  261.094293ms |             ::1 | GET      "/stock/price?ticker=FE"
[GIN] 2021/03/15 - 11:32:10 | 200 |   276.10898ms |             ::1 | GET      "/stock/price?ticker=GME"
[GIN] 2021/03/15 - 11:32:10 | 200 |  285.654737ms |             ::1 | GET      "/stock/price?ticker=PFE"
[GIN] 2021/03/15 - 11:32:10 | 200 |  266.311905ms |             ::1 | GET      "/stock/price?ticker=T"
[GIN] 2021/03/15 - 11:32:10 | 200 |  280.785706ms |             ::1 | GET      "/stock/price?ticker=VZ"
[GIN] 2021/03/15 - 11:32:10 | 200 |  270.707883ms |             ::1 | GET      "/stock/price?ticker=KO"
[GIN] 2021/03/15 - 11:32:10 | 200 |   286.18703ms |             ::1 | GET      "/stock/price?ticker=PEP"
[GIN] 2021/03/15 - 11:32:10 | 200 |  293.611457ms |             ::1 | GET      "/stock/price?ticker=LMT"
[GIN] 2021/03/15 - 11:32:10 | 200 |  316.591991ms |             ::1 | GET      "/stock/price?ticker=WMT"
[GIN] 2021/03/15 - 11:32:11 | 200 |  1.283494012s |             ::1 | GET      "/stock/price?ticker=NOC"
[GIN] 2021/03/15 - 11:32:11 | 200 |  1.280594898s |             ::1 | GET      "/stock/price?ticker=BBY"
[GIN] 2021/03/15 - 11:32:27 | 200 |  291.156873ms |             ::1 | GET      "/stock/price?ticker=AAPL"
[GIN] 2021/03/15 - 11:32:27 | 200 |  312.380851ms |             ::1 | GET      "/stock/price?ticker=MSFT"
[GIN] 2021/03/15 - 11:32:27 | 200 |  319.217802ms |             ::1 | GET      "/stock/price?ticker=TWTR"
[GIN] 2021/03/15 - 11:32:27 | 200 |  323.963621ms |             ::1 | GET      "/stock/price?ticker=FB"
[GIN] 2021/03/15 - 11:32:27 | 200 |  278.423224ms |             ::1 | GET      "/stock/price?ticker=BABA"
[GIN] 2021/03/15 - 11:32:27 | 200 |  298.759688ms |             ::1 | GET      "/stock/price?ticker=NVDA"
[GIN] 2021/03/15 - 11:32:28 | 200 |  267.499221ms |             ::1 | GET      "/stock/price?ticker=SNE"
[GIN] 2021/03/15 - 11:32:28 | 200 |  275.117057ms |             ::1 | GET      "/stock/price?ticker=TSLA"
[GIN] 2021/03/15 - 11:32:28 | 200 |  287.602108ms |             ::1 | GET      "/stock/price?ticker=VMW"
[GIN] 2021/03/15 - 11:32:28 | 200 |  277.070862ms |             ::1 | GET      "/stock/price?ticker=XOM"
[GIN] 2021/03/15 - 11:32:28 | 200 |  1.405079313s |             ::1 | GET      "/stock/price?ticker=AMZN"
[GIN] 2021/03/15 - 11:32:28 | 200 |  1.527060236s |             ::1 | GET      "/stock/price?ticker=ADBE"
[GIN] 2021/03/15 - 11:32:28 | 200 |  359.196921ms |             ::1 | GET      "/stock/price?ticker=CVX"
[GIN] 2021/03/15 - 11:32:28 | 200 |     1.256594s |             ::1 | GET      "/stock/price?ticker=GOOG"
[GIN] 2021/03/15 - 11:32:28 | 200 |  376.038192ms |             ::1 | GET      "/stock/price?ticker=SLB"
[GIN] 2021/03/15 - 11:32:28 | 200 |   1.26278812s |             ::1 | GET      "/stock/price?ticker=NFLX"
[GIN] 2021/03/15 - 11:32:28 | 200 |  255.334543ms |             ::1 | GET      "/stock/price?ticker=FANG"
[GIN] 2021/03/15 - 11:32:28 | 200 |   273.64632ms |             ::1 | GET      "/stock/price?ticker=FTI"
[GIN] 2021/03/15 - 11:32:28 | 200 |  260.335172ms |             ::1 | GET      "/stock/price?ticker=ET"
[GIN] 2021/03/15 - 11:32:29 | 200 |  276.966532ms |             ::1 | GET      "/stock/price?ticker=GME"
[GIN] 2021/03/15 - 11:32:29 | 200 |  283.267018ms |             ::1 | GET      "/stock/price?ticker=PFE"
[GIN] 2021/03/15 - 11:32:29 | 200 |  257.198974ms |             ::1 | GET      "/stock/price?ticker=T"
[GIN] 2021/03/15 - 11:32:29 | 200 |  457.124692ms |             ::1 | GET      "/stock/price?ticker=FE"
[GIN] 2021/03/15 - 11:32:29 | 200 |  266.958126ms |             ::1 | GET      "/stock/price?ticker=VZ"
[GIN] 2021/03/15 - 11:32:29 | 200 |  272.768789ms |             ::1 | GET      "/stock/price?ticker=KO"
[GIN] 2021/03/15 - 11:32:29 | 200 |  291.092544ms |             ::1 | GET      "/stock/price?ticker=PEP"
[GIN] 2021/03/15 - 11:32:29 | 200 |  327.703602ms |             ::1 | GET      "/stock/price?ticker=NOC"
[GIN] 2021/03/15 - 11:32:29 | 200 |  301.194766ms |             ::1 | GET      "/stock/price?ticker=WMT"
[GIN] 2021/03/15 - 11:32:29 | 200 |  292.198737ms |             ::1 | GET      "/stock/price?ticker=BBY"
[GIN] 2021/03/15 - 11:32:30 | 200 |   1.18550127s |             ::1 | GET      "/stock/price?ticker=LMT"
[GIN] 2021/03/15 - 11:32:46 | 200 |  332.985408ms |             ::1 | GET      "/stock/price?ticker=TWTR"
[GIN] 2021/03/15 - 11:32:46 | 200 |  352.705265ms |             ::1 | GET      "/stock/price?ticker=MSFT"
[GIN] 2021/03/15 - 11:32:46 | 200 |  358.447345ms |             ::1 | GET      "/stock/price?ticker=ADBE"
[GIN] 2021/03/15 - 11:32:46 | 200 |  361.045201ms |             ::1 | GET      "/stock/price?ticker=AMZN"
[GIN] 2021/03/15 - 11:32:46 | 200 |  540.679383ms |             ::1 | GET      "/stock/price?ticker=FB"
[GIN] 2021/03/15 - 11:32:46 | 200 |  275.816004ms |             ::1 | GET      "/stock/price?ticker=BABA"
[GIN] 2021/03/15 - 11:32:46 | 200 |  316.971494ms |             ::1 | GET      "/stock/price?ticker=NFLX"
[GIN] 2021/03/15 - 11:32:46 | 200 |  512.302227ms |             ::1 | GET      "/stock/price?ticker=GOOG"
[GIN] 2021/03/15 - 11:32:46 | 200 |  331.533352ms |             ::1 | GET      "/stock/price?ticker=TSLA"
[GIN] 2021/03/15 - 11:32:47 | 200 |  305.971597ms |             ::1 | GET      "/stock/price?ticker=SNE"
[GIN] 2021/03/15 - 11:32:47 | 200 |  284.523205ms |             ::1 | GET      "/stock/price?ticker=VMW"
[GIN] 2021/03/15 - 11:32:47 | 200 |  299.979163ms |             ::1 | GET      "/stock/price?ticker=XOM"
[GIN] 2021/03/15 - 11:32:47 | 200 |  322.044493ms |             ::1 | GET      "/stock/price?ticker=CVX"
[GIN] 2021/03/15 - 11:32:47 | 200 |  1.238270568s |             ::1 | GET      "/stock/price?ticker=AAPL"
[GIN] 2021/03/15 - 11:32:47 | 200 |  323.965105ms |             ::1 | GET      "/stock/price?ticker=SLB"
[GIN] 2021/03/15 - 11:32:47 | 200 |  297.320041ms |             ::1 | GET      "/stock/price?ticker=FTI"
[GIN] 2021/03/15 - 11:32:47 | 200 |  304.238452ms |             ::1 | GET      "/stock/price?ticker=ET"
[GIN] 2021/03/15 - 11:32:47 | 200 |  312.757393ms |             ::1 | GET      "/stock/price?ticker=FE"
[GIN] 2021/03/15 - 11:32:47 | 200 |  1.223174233s |             ::1 | GET      "/stock/price?ticker=NVDA"
[GIN] 2021/03/15 - 11:32:47 | 200 |  308.602654ms |             ::1 | GET      "/stock/price?ticker=PFE"
[GIN] 2021/03/15 - 11:32:47 | 200 |  294.007792ms |             ::1 | GET      "/stock/price?ticker=GME"
[GIN] 2021/03/15 - 11:32:47 | 200 |  305.298025ms |             ::1 | GET      "/stock/price?ticker=T"
[GIN] 2021/03/15 - 11:32:47 | 200 |  304.944798ms |             ::1 | GET      "/stock/price?ticker=VZ"
[GIN] 2021/03/15 - 11:32:48 | 200 |  312.108647ms |             ::1 | GET      "/stock/price?ticker=KO"
[GIN] 2021/03/15 - 11:32:48 | 200 |  333.145216ms |             ::1 | GET      "/stock/price?ticker=PEP"
[GIN] 2021/03/15 - 11:32:48 | 200 |  300.217636ms |             ::1 | GET      "/stock/price?ticker=LMT"
[GIN] 2021/03/15 - 11:32:48 | 200 |  1.238155707s |             ::1 | GET      "/stock/price?ticker=FANG"
[GIN] 2021/03/15 - 11:32:48 | 200 |  329.536429ms |             ::1 | GET      "/stock/price?ticker=WMT"
[GIN] 2021/03/15 - 11:32:48 | 200 |  535.845335ms |             ::1 | GET      "/stock/price?ticker=BBY"
[GIN] 2021/03/15 - 11:32:49 | 200 |  1.213252701s |             ::1 | GET      "/stock/price?ticker=NOC"
[GIN] 2021/03/15 - 11:33:05 | 200 |  265.847743ms |             ::1 | GET      "/stock/price?ticker=MSFT"
[GIN] 2021/03/15 - 11:33:05 | 200 |  277.041496ms |             ::1 | GET      "/stock/price?ticker=ADBE"
[GIN] 2021/03/15 - 11:33:05 | 200 |  277.116801ms |             ::1 | GET      "/stock/price?ticker=AAPL"
[GIN] 2021/03/15 - 11:33:05 | 200 |  283.210589ms |             ::1 | GET      "/stock/price?ticker=AMZN"
[GIN] 2021/03/15 - 11:33:05 | 200 |  288.799174ms |             ::1 | GET      "/stock/price?ticker=FB"
[GIN] 2021/03/15 - 11:33:05 | 200 |  286.244243ms |             ::1 | GET      "/stock/price?ticker=TWTR"
[GIN] 2021/03/15 - 11:33:05 | 200 |  262.891751ms |             ::1 | GET      "/stock/price?ticker=NFLX"
[GIN] 2021/03/15 - 11:33:05 | 200 |  284.224928ms |             ::1 | GET      "/stock/price?ticker=GOOG"
[GIN] 2021/03/15 - 11:33:05 | 200 |  278.241595ms |             ::1 | GET      "/stock/price?ticker=NVDA"
[GIN] 2021/03/15 - 11:33:05 | 200 |  280.045458ms |             ::1 | GET      "/stock/price?ticker=TSLA"
[GIN] 2021/03/15 - 11:33:05 | 200 |  304.209753ms |             ::1 | GET      "/stock/price?ticker=VMW"
[GIN] 2021/03/15 - 11:33:05 | 200 |  283.693342ms |             ::1 | GET      "/stock/price?ticker=SLB"
[GIN] 2021/03/15 - 11:33:05 | 200 |  291.136024ms |             ::1 | GET      "/stock/price?ticker=CVX"
[GIN] 2021/03/15 - 11:33:06 | 200 |   275.67215ms |             ::1 | GET      "/stock/price?ticker=FANG"
[GIN] 2021/03/15 - 11:33:06 | 200 |  263.837597ms |             ::1 | GET      "/stock/price?ticker=ET"
[GIN] 2021/03/15 - 11:33:06 | 200 |  280.834289ms |             ::1 | GET      "/stock/price?ticker=FTI"
[GIN] 2021/03/15 - 11:33:06 | 200 |  266.670423ms |             ::1 | GET      "/stock/price?ticker=FE"
[GIN] 2021/03/15 - 11:33:06 | 200 |  278.550837ms |             ::1 | GET      "/stock/price?ticker=PFE"
[GIN] 2021/03/15 - 11:33:06 | 200 |  278.722693ms |             ::1 | GET      "/stock/price?ticker=GME"
[GIN] 2021/03/15 - 11:33:06 | 200 |  1.180221379s |             ::1 | GET      "/stock/price?ticker=SNE"
[GIN] 2021/03/15 - 11:33:06 | 200 |  1.182358175s |             ::1 | GET      "/stock/price?ticker=BABA"
[GIN] 2021/03/15 - 11:33:06 | 200 |  256.064105ms |             ::1 | GET      "/stock/price?ticker=VZ"
[GIN] 2021/03/15 - 11:33:06 | 200 |  292.692884ms |             ::1 | GET      "/stock/price?ticker=T"
[GIN] 2021/03/15 - 11:33:06 | 200 |   1.19903183s |             ::1 | GET      "/stock/price?ticker=XOM"
[GIN] 2021/03/15 - 11:33:06 | 200 |  280.299185ms |             ::1 | GET      "/stock/price?ticker=NOC"
[GIN] 2021/03/15 - 11:33:06 | 200 |  285.163059ms |             ::1 | GET      "/stock/price?ticker=PEP"
[GIN] 2021/03/15 - 11:33:07 | 200 |  291.961137ms |             ::1 | GET      "/stock/price?ticker=LMT"
[GIN] 2021/03/15 - 11:33:07 | 200 |  298.685302ms |             ::1 | GET      "/stock/price?ticker=WMT"
[GIN] 2021/03/15 - 11:33:07 | 200 |  512.661428ms |             ::1 | GET      "/stock/price?ticker=BBY"
[GIN] 2021/03/15 - 11:33:07 | 200 |  1.170826238s |             ::1 | GET      "/stock/price?ticker=KO"
[GIN] 2021/03/15 - 11:33:23 | 200 |  356.384833ms |             ::1 | GET      "/stock/price?ticker=AMZN"
[GIN] 2021/03/15 - 11:33:23 | 200 |  363.015373ms |             ::1 | GET      "/stock/price?ticker=AAPL"
[GIN] 2021/03/15 - 11:33:23 | 200 |  366.432985ms |             ::1 | GET      "/stock/price?ticker=ADBE"
[GIN] 2021/03/15 - 11:33:23 | 200 |   511.31878ms |             ::1 | GET      "/stock/price?ticker=TWTR"
[GIN] 2021/03/15 - 11:33:23 | 200 |  298.225036ms |             ::1 | GET      "/stock/price?ticker=GOOG"
[GIN] 2021/03/15 - 11:33:23 | 200 |  358.221612ms |             ::1 | GET      "/stock/price?ticker=NFLX"
[GIN] 2021/03/15 - 11:33:23 | 200 |  361.968957ms |             ::1 | GET      "/stock/price?ticker=NVDA"
[GIN] 2021/03/15 - 11:33:23 | 200 |  287.368492ms |             ::1 | GET      "/stock/price?ticker=BABA"
[GIN] 2021/03/15 - 11:33:24 | 200 |  326.493193ms |             ::1 | GET      "/stock/price?ticker=TSLA"
[GIN] 2021/03/15 - 11:33:24 | 200 |  283.040058ms |             ::1 | GET      "/stock/price?ticker=SNE"
[GIN] 2021/03/15 - 11:33:24 | 200 |  316.976831ms |             ::1 | GET      "/stock/price?ticker=VMW"
[GIN] 2021/03/15 - 11:33:24 | 200 |  285.967771ms |             ::1 | GET      "/stock/price?ticker=XOM"
[GIN] 2021/03/15 - 11:33:24 | 200 |  1.173811692s |             ::1 | GET      "/stock/price?ticker=MSFT"
[GIN] 2021/03/15 - 11:33:24 | 200 |  305.531316ms |             ::1 | GET      "/stock/price?ticker=CVX"
[GIN] 2021/03/15 - 11:33:24 | 200 |  318.923777ms |             ::1 | GET      "/stock/price?ticker=SLB"
[GIN] 2021/03/15 - 11:33:24 | 200 |  311.240802ms |             ::1 | GET      "/stock/price?ticker=FANG"
[GIN] 2021/03/15 - 11:33:24 | 200 |  1.425878181s |             ::1 | GET      "/stock/price?ticker=FB"
[GIN] 2021/03/15 - 11:33:24 | 200 |  271.485328ms |             ::1 | GET      "/stock/price?ticker=ET"
[GIN] 2021/03/15 - 11:33:24 | 200 |  252.910692ms |             ::1 | GET      "/stock/price?ticker=FE"
[GIN] 2021/03/15 - 11:33:24 | 200 |   294.90728ms |             ::1 | GET      "/stock/price?ticker=PFE"
[GIN] 2021/03/15 - 11:33:24 | 200 |  367.491332ms |             ::1 | GET      "/stock/price?ticker=GME"
[GIN] 2021/03/15 - 11:33:24 | 200 |  320.393536ms |             ::1 | GET      "/stock/price?ticker=T"
[GIN] 2021/03/15 - 11:33:24 | 200 |  316.818348ms |             ::1 | GET      "/stock/price?ticker=VZ"
[GIN] 2021/03/15 - 11:33:24 | 200 |  275.241744ms |             ::1 | GET      "/stock/price?ticker=KO"
[GIN] 2021/03/15 - 11:33:25 | 200 |     280.839ms |             ::1 | GET      "/stock/price?ticker=PEP"
[GIN] 2021/03/15 - 11:33:25 | 200 |   337.58039ms |             ::1 | GET      "/stock/price?ticker=NOC"
[GIN] 2021/03/15 - 11:33:25 | 200 |  324.940592ms |             ::1 | GET      "/stock/price?ticker=LMT"
[GIN] 2021/03/15 - 11:33:25 | 200 |  321.762834ms |             ::1 | GET      "/stock/price?ticker=BBY"
[GIN] 2021/03/15 - 11:33:25 | 200 |  1.231122505s |             ::1 | GET      "/stock/price?ticker=FTI"
[GIN] 2021/03/15 - 11:33:26 | 200 |   1.27977346s |             ::1 | GET      "/stock/price?ticker=WMT"
[GIN] 2021/03/15 - 11:33:42 | 200 |  315.694459ms |             ::1 | GET      "/stock/price?ticker=AAPL"
[GIN] 2021/03/15 - 11:33:42 | 200 |  319.464404ms |             ::1 | GET      "/stock/price?ticker=ADBE"
[GIN] 2021/03/15 - 11:33:42 | 200 |  337.729605ms |             ::1 | GET      "/stock/price?ticker=AMZN"
[GIN] 2021/03/15 - 11:33:42 | 200 |  344.150592ms |             ::1 | GET      "/stock/price?ticker=TWTR"
[GIN] 2021/03/15 - 11:33:42 | 200 |  492.705728ms |             ::1 | GET      "/stock/price?ticker=MSFT"
[GIN] 2021/03/15 - 11:33:42 | 200 |  267.117731ms |             ::1 | GET      "/stock/price?ticker=GOOG"
[GIN] 2021/03/15 - 11:33:42 | 200 |  277.899708ms |             ::1 | GET      "/stock/price?ticker=NFLX"
[GIN] 2021/03/15 - 11:33:42 | 200 |  281.008851ms |             ::1 | GET      "/stock/price?ticker=NVDA"
[GIN] 2021/03/15 - 11:33:42 | 200 |  294.598541ms |             ::1 | GET      "/stock/price?ticker=BABA"
[GIN] 2021/03/15 - 11:33:42 | 200 |  293.476178ms |             ::1 | GET      "/stock/price?ticker=TSLA"
[GIN] 2021/03/15 - 11:33:42 | 200 |  279.777294ms |             ::1 | GET      "/stock/price?ticker=SNE"
[GIN] 2021/03/15 - 11:33:43 | 200 |  289.428239ms |             ::1 | GET      "/stock/price?ticker=XOM"
[GIN] 2021/03/15 - 11:33:43 | 200 |  305.679212ms |             ::1 | GET      "/stock/price?ticker=CVX"
[GIN] 2021/03/15 - 11:33:43 | 200 |  294.411795ms |             ::1 | GET      "/stock/price?ticker=SLB"
[GIN] 2021/03/15 - 11:33:43 | 200 |  277.600489ms |             ::1 | GET      "/stock/price?ticker=FANG"
[GIN] 2021/03/15 - 11:33:43 | 200 |  267.688297ms |             ::1 | GET      "/stock/price?ticker=ET"
[GIN] 2021/03/15 - 11:33:43 | 200 |  311.801591ms |             ::1 | GET      "/stock/price?ticker=FTI"
[GIN] 2021/03/15 - 11:33:43 | 200 |  262.701805ms |             ::1 | GET      "/stock/price?ticker=FE"
[GIN] 2021/03/15 - 11:33:43 | 200 |  1.401775619s |             ::1 | GET      "/stock/price?ticker=FB"
[GIN] 2021/03/15 - 11:33:43 | 200 |  302.416406ms |             ::1 | GET      "/stock/price?ticker=PFE"
[GIN] 2021/03/15 - 11:33:43 | 200 |  265.122248ms |             ::1 | GET      "/stock/price?ticker=T"
[GIN] 2021/03/15 - 11:33:43 | 200 |  261.095556ms |             ::1 | GET      "/stock/price?ticker=KO"
[GIN] 2021/03/15 - 11:33:43 | 200 |  284.787284ms |             ::1 | GET      "/stock/price?ticker=PEP"
[GIN] 2021/03/15 - 11:33:43 | 200 |  285.117902ms |             ::1 | GET      "/stock/price?ticker=NOC"
[GIN] 2021/03/15 - 11:33:43 | 200 |  1.208260028s |             ::1 | GET      "/stock/price?ticker=VMW"
[GIN] 2021/03/15 - 11:33:44 | 200 |  320.538886ms |             ::1 | GET      "/stock/price?ticker=LMT"
[GIN] 2021/03/15 - 11:33:44 | 200 |  284.580191ms |             ::1 | GET      "/stock/price?ticker=WMT"
[GIN] 2021/03/15 - 11:33:44 | 200 |  542.879406ms |             ::1 | GET      "/stock/price?ticker=BBY"
[GIN] 2021/03/15 - 11:33:44 | 200 |  1.239993854s |             ::1 | GET      "/stock/price?ticker=GME"
[GIN] 2021/03/15 - 11:33:44 | 200 |  1.174802665s |             ::1 | GET      "/stock/price?ticker=VZ"
[GIN] 2021/03/15 - 11:34:00 | 200 |  284.584622ms |             ::1 | GET      "/stock/price?ticker=AMZN"
[GIN] 2021/03/15 - 11:34:00 | 200 |  301.039521ms |             ::1 | GET      "/stock/price?ticker=MSFT"
[GIN] 2021/03/15 - 11:34:00 | 200 |  313.059799ms |             ::1 | GET      "/stock/price?ticker=FB"
[GIN] 2021/03/15 - 11:34:00 | 200 |  318.858145ms |             ::1 | GET      "/stock/price?ticker=GOOG"
[GIN] 2021/03/15 - 11:34:00 | 200 |  321.521193ms |             ::1 | GET      "/stock/price?ticker=NFLX"
[GIN] 2021/03/15 - 11:34:00 | 200 |  328.920296ms |             ::1 | GET      "/stock/price?ticker=NVDA"
[GIN] 2021/03/15 - 11:34:01 | 200 |  267.642051ms |             ::1 | GET      "/stock/price?ticker=BABA"
[GIN] 2021/03/15 - 11:34:01 | 200 |  266.433436ms |             ::1 | GET      "/stock/price?ticker=SNE"
[GIN] 2021/03/15 - 11:34:01 | 200 |  1.168042826s |             ::1 | GET      "/stock/price?ticker=TWTR"
[GIN] 2021/03/15 - 11:34:01 | 200 |  1.175138674s |             ::1 | GET      "/stock/price?ticker=AAPL"
[GIN] 2021/03/15 - 11:34:01 | 200 |  372.292161ms |             ::1 | GET      "/stock/price?ticker=VMW"
[GIN] 2021/03/15 - 11:34:01 | 200 |  387.992654ms |             ::1 | GET      "/stock/price?ticker=XOM"
[GIN] 2021/03/15 - 11:34:01 | 200 |  1.474048279s |             ::1 | GET      "/stock/price?ticker=ADBE"
[GIN] 2021/03/15 - 11:34:01 | 200 |   309.46036ms |             ::1 | GET      "/stock/price?ticker=SLB"
[GIN] 2021/03/15 - 11:34:01 | 200 |  430.880769ms |             ::1 | GET      "/stock/price?ticker=CVX"
[GIN] 2021/03/15 - 11:34:01 | 200 |  326.060204ms |             ::1 | GET      "/stock/price?ticker=FTI"
[GIN] 2021/03/15 - 11:34:01 | 200 |  266.655487ms |             ::1 | GET      "/stock/price?ticker=ET"
[GIN] 2021/03/15 - 11:34:01 | 200 |  490.550447ms |             ::1 | GET      "/stock/price?ticker=FANG"
[GIN] 2021/03/15 - 11:34:01 | 200 |  282.839731ms |             ::1 | GET      "/stock/price?ticker=FE"
[GIN] 2021/03/15 - 11:34:02 | 200 |  283.959428ms |             ::1 | GET      "/stock/price?ticker=PFE"
[GIN] 2021/03/15 - 11:34:02 | 200 |  326.415288ms |             ::1 | GET      "/stock/price?ticker=GME"
[GIN] 2021/03/15 - 11:34:02 | 200 |  265.412274ms |             ::1 | GET      "/stock/price?ticker=T"
[GIN] 2021/03/15 - 11:34:02 | 200 |  280.830635ms |             ::1 | GET      "/stock/price?ticker=VZ"
[GIN] 2021/03/15 - 11:34:02 | 200 |  1.452273527s |             ::1 | GET      "/stock/price?ticker=TSLA"
[GIN] 2021/03/15 - 11:34:02 | 200 |  288.017359ms |             ::1 | GET      "/stock/price?ticker=NOC"
[GIN] 2021/03/15 - 11:34:02 | 200 |  288.364936ms |             ::1 | GET      "/stock/price?ticker=LMT"
[GIN] 2021/03/15 - 11:34:02 | 200 |  318.926919ms |             ::1 | GET      "/stock/price?ticker=WMT"
[GIN] 2021/03/15 - 11:34:02 | 200 |  496.450634ms |             ::1 | GET      "/stock/price?ticker=PEP"
[GIN] 2021/03/15 - 11:34:02 | 200 |   517.74914ms |             ::1 | GET      "/stock/price?ticker=BBY"
[GIN] 2021/03/15 - 11:34:03 | 200 |  1.192470774s |             ::1 | GET      "/stock/price?ticker=KO"
[GIN] 2021/03/15 - 11:34:19 | 200 |  331.970365ms |             ::1 | GET      "/stock/price?ticker=MSFT"
[GIN] 2021/03/15 - 11:34:19 | 200 |   365.35448ms |             ::1 | GET      "/stock/price?ticker=FB"
[GIN] 2021/03/15 - 11:34:19 | 200 |  369.352238ms |             ::1 | GET      "/stock/price?ticker=TWTR"
[GIN] 2021/03/15 - 11:34:19 | 200 |  312.834325ms |             ::1 | GET      "/stock/price?ticker=GOOG"
[GIN] 2021/03/15 - 11:34:19 | 200 |  344.971886ms |             ::1 | GET      "/stock/price?ticker=NVDA"
[GIN] 2021/03/15 - 11:34:19 | 200 |  388.678755ms |             ::1 | GET      "/stock/price?ticker=NFLX"
[GIN] 2021/03/15 - 11:34:20 | 200 |  295.058568ms |             ::1 | GET      "/stock/price?ticker=SNE"
[GIN] 2021/03/15 - 11:34:20 | 200 |  372.998901ms |             ::1 | GET      "/stock/price?ticker=TSLA"
[GIN] 2021/03/15 - 11:34:20 | 200 |  1.180359119s |             ::1 | GET      "/stock/price?ticker=AAPL"
[GIN] 2021/03/15 - 11:34:20 | 200 |   1.24589201s |             ::1 | GET      "/stock/price?ticker=ADBE"
[GIN] 2021/03/15 - 11:34:20 | 200 |  292.781523ms |             ::1 | GET      "/stock/price?ticker=VMW"
[GIN] 2021/03/15 - 11:34:20 | 200 |   281.65376ms |             ::1 | GET      "/stock/price?ticker=XOM"
[GIN] 2021/03/15 - 11:34:20 | 200 |  1.399655697s |             ::1 | GET      "/stock/price?ticker=AMZN"
[GIN] 2021/03/15 - 11:34:20 | 200 |  295.372151ms |             ::1 | GET      "/stock/price?ticker=SLB"
[GIN] 2021/03/15 - 11:34:20 | 200 |  276.213519ms |             ::1 | GET      "/stock/price?ticker=FANG"
[GIN] 2021/03/15 - 11:34:20 | 200 |  310.668596ms |             ::1 | GET      "/stock/price?ticker=ET"
[GIN] 2021/03/15 - 11:34:20 | 200 |   334.46073ms |             ::1 | GET      "/stock/price?ticker=FTI"
[GIN] 2021/03/15 - 11:34:20 | 200 |  258.368875ms |             ::1 | GET      "/stock/price?ticker=FE"
[GIN] 2021/03/15 - 11:34:21 | 200 |  1.197096632s |             ::1 | GET      "/stock/price?ticker=BABA"
[GIN] 2021/03/15 - 11:34:21 | 200 |  289.421209ms |             ::1 | GET      "/stock/price?ticker=PFE"
[GIN] 2021/03/15 - 11:34:21 | 200 |  273.289324ms |             ::1 | GET      "/stock/price?ticker=GME"
[GIN] 2021/03/15 - 11:34:21 | 200 |  264.458731ms |             ::1 | GET      "/stock/price?ticker=T"
[GIN] 2021/03/15 - 11:34:21 | 200 |  273.732641ms |             ::1 | GET      "/stock/price?ticker=VZ"
[GIN] 2021/03/15 - 11:34:21 | 200 |  276.519032ms |             ::1 | GET      "/stock/price?ticker=KO"
[GIN] 2021/03/15 - 11:34:21 | 200 |  291.167602ms |             ::1 | GET      "/stock/price?ticker=PEP"
[GIN] 2021/03/15 - 11:34:21 | 200 |  309.540375ms |             ::1 | GET      "/stock/price?ticker=LMT"
[GIN] 2021/03/15 - 11:34:21 | 200 |  320.667303ms |             ::1 | GET      "/stock/price?ticker=NOC"
[GIN] 2021/03/15 - 11:34:21 | 200 |  294.369579ms |             ::1 | GET      "/stock/price?ticker=WMT"
[GIN] 2021/03/15 - 11:34:21 | 200 |  1.221646259s |             ::1 | GET      "/stock/price?ticker=CVX"
[GIN] 2021/03/15 - 11:34:21 | 200 |  305.368522ms |             ::1 | GET      "/stock/price?ticker=BBY"
[GIN] 2021/03/15 - 11:34:37 | 200 |   305.25514ms |             ::1 | GET      "/stock/price?ticker=MSFT"
[GIN] 2021/03/15 - 11:34:37 | 200 |  338.486773ms |             ::1 | GET      "/stock/price?ticker=AAPL"
[GIN] 2021/03/15 - 11:34:37 | 200 |  341.862153ms |             ::1 | GET      "/stock/price?ticker=AMZN"
[GIN] 2021/03/15 - 11:34:37 | 200 |  345.855856ms |             ::1 | GET      "/stock/price?ticker=TWTR"
[GIN] 2021/03/15 - 11:34:37 | 200 |  547.767959ms |             ::1 | GET      "/stock/price?ticker=FB"
[GIN] 2021/03/15 - 11:34:37 | 200 |  290.488042ms |             ::1 | GET      "/stock/price?ticker=NFLX"
[GIN] 2021/03/15 - 11:34:37 | 200 |   306.98062ms |             ::1 | GET      "/stock/price?ticker=TSLA"
[GIN] 2021/03/15 - 11:34:38 | 200 |  567.518112ms |             ::1 | GET      "/stock/price?ticker=GOOG"
[GIN] 2021/03/15 - 11:34:38 | 200 |  544.713901ms |             ::1 | GET      "/stock/price?ticker=BABA"
[GIN] 2021/03/15 - 11:34:38 | 200 |  311.409113ms |             ::1 | GET      "/stock/price?ticker=SNE"
[GIN] 2021/03/15 - 11:34:38 | 200 |  307.058499ms |             ::1 | GET      "/stock/price?ticker=VMW"
[GIN] 2021/03/15 - 11:34:38 | 200 |  330.825535ms |             ::1 | GET      "/stock/price?ticker=XOM"
[GIN] 2021/03/15 - 11:34:38 | 200 |  353.476804ms |             ::1 | GET      "/stock/price?ticker=CVX"
[GIN] 2021/03/15 - 11:34:38 | 200 |  323.060421ms |             ::1 | GET      "/stock/price?ticker=SLB"
[GIN] 2021/03/15 - 11:34:38 | 200 |  1.471821438s |             ::1 | GET      "/stock/price?ticker=ADBE"
[GIN] 2021/03/15 - 11:34:38 | 200 |  293.199426ms |             ::1 | GET      "/stock/price?ticker=FANG"
[GIN] 2021/03/15 - 11:34:38 | 200 |  318.498808ms |             ::1 | GET      "/stock/price?ticker=FE"
[GIN] 2021/03/15 - 11:34:38 | 200 |  376.339935ms |             ::1 | GET      "/stock/price?ticker=FTI"
[GIN] 2021/03/15 - 11:34:38 | 200 |  1.260520766s |             ::1 | GET      "/stock/price?ticker=NVDA"
[GIN] 2021/03/15 - 11:34:38 | 200 |  351.201506ms |             ::1 | GET      "/stock/price?ticker=ET"
[GIN] 2021/03/15 - 11:34:38 | 200 |  316.627423ms |             ::1 | GET      "/stock/price?ticker=PFE"
[GIN] 2021/03/15 - 11:34:38 | 200 |  322.419383ms |             ::1 | GET      "/stock/price?ticker=GME"
[GIN] 2021/03/15 - 11:34:39 | 200 |  322.064226ms |             ::1 | GET      "/stock/price?ticker=T"
[GIN] 2021/03/15 - 11:34:39 | 200 |  316.393646ms |             ::1 | GET      "/stock/price?ticker=PEP"
[GIN] 2021/03/15 - 11:34:39 | 200 |  308.486744ms |             ::1 | GET      "/stock/price?ticker=NOC"
[GIN] 2021/03/15 - 11:34:39 | 200 |  338.380376ms |             ::1 | GET      "/stock/price?ticker=LMT"
[GIN] 2021/03/15 - 11:34:39 | 200 |  329.519486ms |             ::1 | GET      "/stock/price?ticker=BBY"
[GIN] 2021/03/15 - 11:34:39 | 200 |  350.760214ms |             ::1 | GET      "/stock/price?ticker=WMT"
[GIN] 2021/03/15 - 11:34:39 | 200 |  1.175256414s |             ::1 | GET      "/stock/price?ticker=VZ"
[GIN] 2021/03/15 - 11:34:39 | 200 |  1.224094707s |             ::1 | GET      "/stock/price?ticker=KO"
[GIN] 2021/03/15 - 11:34:55 | 200 |  304.221023ms |             ::1 | GET      "/stock/price?ticker=MSFT"
[GIN] 2021/03/15 - 11:34:55 | 200 |  329.864575ms |             ::1 | GET      "/stock/price?ticker=FB"
[GIN] 2021/03/15 - 11:34:55 | 200 |  340.267049ms |             ::1 | GET      "/stock/price?ticker=AMZN"
[GIN] 2021/03/15 - 11:34:55 | 200 |  374.345105ms |             ::1 | GET      "/stock/price?ticker=ADBE"
[GIN] 2021/03/15 - 11:34:55 | 200 |  375.623591ms |             ::1 | GET      "/stock/price?ticker=TWTR"
[GIN] 2021/03/15 - 11:34:55 | 200 |  316.073595ms |             ::1 | GET      "/stock/price?ticker=GOOG"
[GIN] 2021/03/15 - 11:34:55 | 200 |  312.997505ms |             ::1 | GET      "/stock/price?ticker=BABA"
[GIN] 2021/03/15 - 11:34:55 | 200 |   360.88678ms |             ::1 | GET      "/stock/price?ticker=NFLX"
[GIN] 2021/03/15 - 11:34:55 | 200 |  325.412556ms |             ::1 | GET      "/stock/price?ticker=TSLA"
[GIN] 2021/03/15 - 11:34:55 | 200 |  334.597164ms |             ::1 | GET      "/stock/price?ticker=NVDA"
[GIN] 2021/03/15 - 11:34:56 | 200 |  325.213158ms |             ::1 | GET      "/stock/price?ticker=SNE"
[GIN] 2021/03/15 - 11:34:56 | 200 |  343.110488ms |             ::1 | GET      "/stock/price?ticker=CVX"
[GIN] 2021/03/15 - 11:34:56 | 200 |  346.802006ms |             ::1 | GET      "/stock/price?ticker=XOM"
[GIN] 2021/03/15 - 11:34:56 | 200 |  1.162172607s |             ::1 | GET      "/stock/price?ticker=AAPL"
[GIN] 2021/03/15 - 11:34:56 | 200 |  501.733571ms |             ::1 | GET      "/stock/price?ticker=SLB"
[GIN] 2021/03/15 - 11:34:56 | 200 |  521.066667ms |             ::1 | GET      "/stock/price?ticker=VMW"
[GIN] 2021/03/15 - 11:34:56 | 200 |  281.572755ms |             ::1 | GET      "/stock/price?ticker=FANG"
[GIN] 2021/03/15 - 11:34:56 | 200 |  339.953228ms |             ::1 | GET      "/stock/price?ticker=FTI"
[GIN] 2021/03/15 - 11:34:56 | 200 |  345.278658ms |             ::1 | GET      "/stock/price?ticker=ET"
[GIN] 2021/03/15 - 11:34:56 | 200 |  295.221773ms |             ::1 | GET      "/stock/price?ticker=PFE"
[GIN] 2021/03/15 - 11:34:56 | 200 |  294.750852ms |             ::1 | GET      "/stock/price?ticker=GME"
[GIN] 2021/03/15 - 11:34:56 | 200 |  286.285684ms |             ::1 | GET      "/stock/price?ticker=VZ"
[GIN] 2021/03/15 - 11:34:56 | 200 |  294.219288ms |             ::1 | GET      "/stock/price?ticker=PEP"
[GIN] 2021/03/15 - 11:34:56 | 200 |  317.982329ms |             ::1 | GET      "/stock/price?ticker=NOC"
[GIN] 2021/03/15 - 11:34:57 | 200 |   303.45826ms |             ::1 | GET      "/stock/price?ticker=LMT"
[GIN] 2021/03/15 - 11:34:57 | 200 |  311.122179ms |             ::1 | GET      "/stock/price?ticker=WMT"
[GIN] 2021/03/15 - 11:34:57 | 200 |  1.214137291s |             ::1 | GET      "/stock/price?ticker=FE"
[GIN] 2021/03/15 - 11:34:57 | 200 |  537.979783ms |             ::1 | GET      "/stock/price?ticker=BBY"
[GIN] 2021/03/15 - 11:34:57 | 200 |  1.198593333s |             ::1 | GET      "/stock/price?ticker=T"
[GIN] 2021/03/15 - 11:34:57 | 200 |  1.210619041s |             ::1 | GET      "/stock/price?ticker=KO"
[GIN] 2021/03/15 - 11:35:13 | 200 |  316.623113ms |             ::1 | GET      "/stock/price?ticker=MSFT"
[GIN] 2021/03/15 - 11:35:13 | 200 |  335.462228ms |             ::1 | GET      "/stock/price?ticker=AAPL"
[GIN] 2021/03/15 - 11:35:13 | 200 |   341.30075ms |             ::1 | GET      "/stock/price?ticker=AMZN"
[GIN] 2021/03/15 - 11:35:13 | 200 |  589.834759ms |             ::1 | GET      "/stock/price?ticker=ADBE"
[GIN] 2021/03/15 - 11:35:13 | 200 |   589.92057ms |             ::1 | GET      "/stock/price?ticker=FB"
[GIN] 2021/03/15 - 11:35:13 | 200 |   287.86096ms |             ::1 | GET      "/stock/price?ticker=GOOG"
[GIN] 2021/03/15 - 11:35:13 | 200 |  293.043048ms |             ::1 | GET      "/stock/price?ticker=NVDA"
[GIN] 2021/03/15 - 11:35:13 | 200 |  307.085094ms |             ::1 | GET      "/stock/price?ticker=NFLX"
[GIN] 2021/03/15 - 11:35:14 | 200 |  272.035688ms |             ::1 | GET      "/stock/price?ticker=BABA"
[GIN] 2021/03/15 - 11:35:14 | 200 |  274.767673ms |             ::1 | GET      "/stock/price?ticker=SNE"
[GIN] 2021/03/15 - 11:35:14 | 200 |  329.715651ms |             ::1 | GET      "/stock/price?ticker=TSLA"
[GIN] 2021/03/15 - 11:35:14 | 200 |  310.132197ms |             ::1 | GET      "/stock/price?ticker=XOM"
[GIN] 2021/03/15 - 11:35:14 | 200 |  318.963096ms |             ::1 | GET      "/stock/price?ticker=VMW"
[GIN] 2021/03/15 - 11:35:14 | 200 |  1.150095567s |             ::1 | GET      "/stock/price?ticker=TWTR"
[GIN] 2021/03/15 - 11:35:14 | 200 |  280.001818ms |             ::1 | GET      "/stock/price?ticker=SLB"
[GIN] 2021/03/15 - 11:35:14 | 200 |   259.80324ms |             ::1 | GET      "/stock/price?ticker=FANG"
[GIN] 2021/03/15 - 11:35:14 | 200 |  254.174853ms |             ::1 | GET      "/stock/price?ticker=ET"
[GIN] 2021/03/15 - 11:35:14 | 200 |  276.182581ms |             ::1 | GET      "/stock/price?ticker=FTI"
[GIN] 2021/03/15 - 11:35:14 | 200 |  305.312679ms |             ::1 | GET      "/stock/price?ticker=PFE"
[GIN] 2021/03/15 - 11:35:14 | 200 |  293.557416ms |             ::1 | GET      "/stock/price?ticker=GME"
[GIN] 2021/03/15 - 11:35:14 | 200 |  298.468644ms |             ::1 | GET      "/stock/price?ticker=T"
[GIN] 2021/03/15 - 11:35:14 | 200 |  278.645339ms |             ::1 | GET      "/stock/price?ticker=VZ"
[GIN] 2021/03/15 - 11:35:14 | 200 |  302.141512ms |             ::1 | GET      "/stock/price?ticker=KO"
[GIN] 2021/03/15 - 11:35:15 | 200 |  331.034679ms |             ::1 | GET      "/stock/price?ticker=LMT"
[GIN] 2021/03/15 - 11:35:15 | 200 |  356.911195ms |             ::1 | GET      "/stock/price?ticker=PEP"
[GIN] 2021/03/15 - 11:35:15 | 200 |  1.201243955s |             ::1 | GET      "/stock/price?ticker=CVX"
[GIN] 2021/03/15 - 11:35:15 | 200 |  307.526028ms |             ::1 | GET      "/stock/price?ticker=BBY"
[GIN] 2021/03/15 - 11:35:15 | 200 |  335.842425ms |             ::1 | GET      "/stock/price?ticker=WMT"
[GIN] 2021/03/15 - 11:35:15 | 200 |  1.194256763s |             ::1 | GET      "/stock/price?ticker=FE"
[GIN] 2021/03/15 - 11:35:15 | 200 |  1.233216875s |             ::1 | GET      "/stock/price?ticker=NOC"
[GIN] 2021/03/15 - 11:35:31 | 200 |   348.47914ms |             ::1 | GET      "/stock/price?ticker=MSFT"
[GIN] 2021/03/15 - 11:35:31 | 200 |  388.734332ms |             ::1 | GET      "/stock/price?ticker=ADBE"
[GIN] 2021/03/15 - 11:35:31 | 200 |  388.496253ms |             ::1 | GET      "/stock/price?ticker=TWTR"
[GIN] 2021/03/15 - 11:35:31 | 200 |  390.853258ms |             ::1 | GET      "/stock/price?ticker=FB"
[GIN] 2021/03/15 - 11:35:31 | 200 |  533.314439ms |             ::1 | GET      "/stock/price?ticker=AMZN"
[GIN] 2021/03/15 - 11:35:31 | 200 |  345.983591ms |             ::1 | GET      "/stock/price?ticker=BABA"
[GIN] 2021/03/15 - 11:35:31 | 200 |   356.22581ms |             ::1 | GET      "/stock/price?ticker=NVDA"
[GIN] 2021/03/15 - 11:35:31 | 200 |  269.259034ms |             ::1 | GET      "/stock/price?ticker=TSLA"
[GIN] 2021/03/15 - 11:35:32 | 200 |  477.558191ms |             ::1 | GET      "/stock/price?ticker=GOOG"
[GIN] 2021/03/15 - 11:35:32 | 200 |  486.524588ms |             ::1 | GET      "/stock/price?ticker=NFLX"
[GIN] 2021/03/15 - 11:35:32 | 200 |  279.271811ms |             ::1 | GET      "/stock/price?ticker=SNE"
[GIN] 2021/03/15 - 11:35:32 | 200 |  319.660762ms |             ::1 | GET      "/stock/price?ticker=VMW"
[GIN] 2021/03/15 - 11:35:32 | 200 |  305.266279ms |             ::1 | GET      "/stock/price?ticker=XOM"
[GIN] 2021/03/15 - 11:35:32 | 200 |  289.072827ms |             ::1 | GET      "/stock/price?ticker=CVX"
[GIN] 2021/03/15 - 11:35:32 | 200 |  284.373523ms |             ::1 | GET      "/stock/price?ticker=SLB"
[GIN] 2021/03/15 - 11:35:32 | 200 |  1.211699422s |             ::1 | GET      "/stock/price?ticker=AAPL"
[GIN] 2021/03/15 - 11:35:32 | 200 |  274.857939ms |             ::1 | GET      "/stock/price?ticker=FANG"
[GIN] 2021/03/15 - 11:35:32 | 200 |  280.474976ms |             ::1 | GET      "/stock/price?ticker=FTI"
[GIN] 2021/03/15 - 11:35:32 | 200 |  261.543483ms |             ::1 | GET      "/stock/price?ticker=FE"
[GIN] 2021/03/15 - 11:35:32 | 200 |  276.863877ms |             ::1 | GET      "/stock/price?ticker=PFE"
[GIN] 2021/03/15 - 11:35:32 | 200 |  270.991987ms |             ::1 | GET      "/stock/price?ticker=GME"
[GIN] 2021/03/15 - 11:35:32 | 200 |  290.909404ms |             ::1 | GET      "/stock/price?ticker=VZ"
[GIN] 2021/03/15 - 11:35:32 | 200 |  321.615223ms |             ::1 | GET      "/stock/price?ticker=KO"
[GIN] 2021/03/15 - 11:35:32 | 200 |  310.279434ms |             ::1 | GET      "/stock/price?ticker=PEP"
[GIN] 2021/03/15 - 11:35:32 | 200 |  296.147844ms |             ::1 | GET      "/stock/price?ticker=NOC"
[GIN] 2021/03/15 - 11:35:33 | 200 |  303.111566ms |             ::1 | GET      "/stock/price?ticker=LMT"
[GIN] 2021/03/15 - 11:35:33 | 200 |  327.041178ms |             ::1 | GET      "/stock/price?ticker=WMT"
[GIN] 2021/03/15 - 11:35:33 | 200 |  319.035857ms |             ::1 | GET      "/stock/price?ticker=BBY"
[GIN] 2021/03/15 - 11:35:33 | 200 |  1.226684551s |             ::1 | GET      "/stock/price?ticker=ET"
[GIN] 2021/03/15 - 11:35:33 | 200 |  1.172242798s |             ::1 | GET      "/stock/price?ticker=T"
[GIN] 2021/03/15 - 11:35:49 | 200 |  355.624159ms |             ::1 | GET      "/stock/price?ticker=AAPL"
[GIN] 2021/03/15 - 11:35:49 | 200 |  369.790611ms |             ::1 | GET      "/stock/price?ticker=TWTR"
[GIN] 2021/03/15 - 11:35:49 | 200 |  376.787743ms |             ::1 | GET      "/stock/price?ticker=MSFT"
[GIN] 2021/03/15 - 11:35:49 | 200 |  374.973827ms |             ::1 | GET      "/stock/price?ticker=FB"
[GIN] 2021/03/15 - 11:35:49 | 200 |   385.96618ms |             ::1 | GET      "/stock/price?ticker=ADBE"
[GIN] 2021/03/15 - 11:35:49 | 200 |  314.429102ms |             ::1 | GET      "/stock/price?ticker=NVDA"
[GIN] 2021/03/15 - 11:35:49 | 200 |  316.378832ms |             ::1 | GET      "/stock/price?ticker=BABA"
[GIN] 2021/03/15 - 11:35:49 | 200 |  349.750028ms |             ::1 | GET      "/stock/price?ticker=NFLX"
[GIN] 2021/03/15 - 11:35:49 | 200 |  368.394626ms |             ::1 | GET      "/stock/price?ticker=GOOG"
[GIN] 2021/03/15 - 11:35:49 | 200 |  354.237964ms |             ::1 | GET      "/stock/price?ticker=TSLA"
[GIN] 2021/03/15 - 11:35:50 | 200 |  352.139257ms |             ::1 | GET      "/stock/price?ticker=SNE"
[GIN] 2021/03/15 - 11:35:50 | 200 |  363.865793ms |             ::1 | GET      "/stock/price?ticker=VMW"
[GIN] 2021/03/15 - 11:35:50 | 200 |  349.750212ms |             ::1 | GET      "/stock/price?ticker=CVX"
[GIN] 2021/03/15 - 11:35:50 | 200 |  351.175571ms |             ::1 | GET      "/stock/price?ticker=XOM"
[GIN] 2021/03/15 - 11:35:50 | 200 |  350.763746ms |             ::1 | GET      "/stock/price?ticker=SLB"
[GIN] 2021/03/15 - 11:35:50 | 200 |   259.54016ms |             ::1 | GET      "/stock/price?ticker=ET"
[GIN] 2021/03/15 - 11:35:50 | 200 |  277.470952ms |             ::1 | GET      "/stock/price?ticker=FANG"
[GIN] 2021/03/15 - 11:35:50 | 200 |  272.725536ms |             ::1 | GET      "/stock/price?ticker=FE"
[GIN] 2021/03/15 - 11:35:50 | 200 |  290.540443ms |             ::1 | GET      "/stock/price?ticker=FTI"
[GIN] 2021/03/15 - 11:35:50 | 200 |  299.279786ms |             ::1 | GET      "/stock/price?ticker=PFE"
[GIN] 2021/03/15 - 11:35:50 | 200 |   1.41031266s |             ::1 | GET      "/stock/price?ticker=AMZN"
[GIN] 2021/03/15 - 11:35:50 | 200 |  326.379288ms |             ::1 | GET      "/stock/price?ticker=T"
[GIN] 2021/03/15 - 11:35:50 | 200 |  361.401231ms |             ::1 | GET      "/stock/price?ticker=GME"
[GIN] 2021/03/15 - 11:35:50 | 200 |  350.489109ms |             ::1 | GET      "/stock/price?ticker=PEP"
[GIN] 2021/03/15 - 11:35:50 | 200 |  376.451633ms |             ::1 | GET      "/stock/price?ticker=KO"
[GIN] 2021/03/15 - 11:35:50 | 200 |  339.427825ms |             ::1 | GET      "/stock/price?ticker=NOC"
[GIN] 2021/03/15 - 11:35:51 | 200 |  281.935631ms |             ::1 | GET      "/stock/price?ticker=LMT"
[GIN] 2021/03/15 - 11:35:51 | 200 |  287.631644ms |             ::1 | GET      "/stock/price?ticker=BBY"
[GIN] 2021/03/15 - 11:35:51 | 200 |  505.052012ms |             ::1 | GET      "/stock/price?ticker=WMT"
[GIN] 2021/03/15 - 11:35:51 | 200 |  1.173396027s |             ::1 | GET      "/stock/price?ticker=VZ"
[GIN] 2021/03/15 - 11:36:07 | 200 |   298.33429ms |             ::1 | GET      "/stock/price?ticker=MSFT"
[GIN] 2021/03/15 - 11:36:07 | 200 |  306.037848ms |             ::1 | GET      "/stock/price?ticker=AAPL"
[GIN] 2021/03/15 - 11:36:07 | 200 |   306.93424ms |             ::1 | GET      "/stock/price?ticker=TWTR"
[GIN] 2021/03/15 - 11:36:07 | 200 |  323.175609ms |             ::1 | GET      "/stock/price?ticker=FB"
[GIN] 2021/03/15 - 11:36:07 | 200 |  326.475421ms |             ::1 | GET      "/stock/price?ticker=ADBE"
[GIN] 2021/03/15 - 11:36:07 | 200 |  356.417856ms |             ::1 | GET      "/stock/price?ticker=GOOG"
[GIN] 2021/03/15 - 11:36:07 | 200 |  342.154879ms |             ::1 | GET      "/stock/price?ticker=TSLA"
[GIN] 2021/03/15 - 11:36:07 | 200 |  357.392459ms |             ::1 | GET      "/stock/price?ticker=NFLX"
[GIN] 2021/03/15 - 11:36:07 | 200 |  348.707303ms |             ::1 | GET      "/stock/price?ticker=BABA"
[GIN] 2021/03/15 - 11:36:07 | 200 |  366.867243ms |             ::1 | GET      "/stock/price?ticker=NVDA"
[GIN] 2021/03/15 - 11:36:08 | 200 |  254.809679ms |             ::1 | GET      "/stock/price?ticker=SNE"
[GIN] 2021/03/15 - 11:36:08 | 200 |  282.376909ms |             ::1 | GET      "/stock/price?ticker=VMW"
[GIN] 2021/03/15 - 11:36:08 | 200 |   283.42478ms |             ::1 | GET      "/stock/price?ticker=CVX"
[GIN] 2021/03/15 - 11:36:08 | 200 |  294.523768ms |             ::1 | GET      "/stock/price?ticker=XOM"
[GIN] 2021/03/15 - 11:36:08 | 200 |  283.333151ms |             ::1 | GET      "/stock/price?ticker=FANG"
[GIN] 2021/03/15 - 11:36:08 | 200 |  323.251483ms |             ::1 | GET      "/stock/price?ticker=FTI"
[GIN] 2021/03/15 - 11:36:08 | 200 |  1.387680167s |             ::1 | GET      "/stock/price?ticker=AMZN"
[GIN] 2021/03/15 - 11:36:08 | 200 |  291.004845ms |             ::1 | GET      "/stock/price?ticker=PFE"
[GIN] 2021/03/15 - 11:36:08 | 200 |  276.632531ms |             ::1 | GET      "/stock/price?ticker=GME"
[GIN] 2021/03/15 - 11:36:08 | 200 |  269.075252ms |             ::1 | GET      "/stock/price?ticker=T"
[GIN] 2021/03/15 - 11:36:08 | 200 |  265.368494ms |             ::1 | GET      "/stock/price?ticker=VZ"
[GIN] 2021/03/15 - 11:36:08 | 200 |  269.252008ms |             ::1 | GET      "/stock/price?ticker=KO"
[GIN] 2021/03/15 - 11:36:08 | 200 |  1.185380829s |             ::1 | GET      "/stock/price?ticker=SLB"
[GIN] 2021/03/15 - 11:36:09 | 200 |  288.379562ms |             ::1 | GET      "/stock/price?ticker=PEP"
[GIN] 2021/03/15 - 11:36:09 | 200 |  289.147569ms |             ::1 | GET      "/stock/price?ticker=LMT"
[GIN] 2021/03/15 - 11:36:09 | 200 |   1.16746459s |             ::1 | GET      "/stock/price?ticker=ET"
[GIN] 2021/03/15 - 11:36:09 | 200 |  1.191641319s |             ::1 | GET      "/stock/price?ticker=FE"
[GIN] 2021/03/15 - 11:36:09 | 200 |  300.370514ms |             ::1 | GET      "/stock/price?ticker=BBY"
[GIN] 2021/03/15 - 11:36:09 | 200 |  511.602543ms |             ::1 | GET      "/stock/price?ticker=WMT"
[GIN] 2021/03/15 - 11:36:10 | 200 |  1.214050044s |             ::1 | GET      "/stock/price?ticker=NOC"
[GIN] 2021/03/15 - 11:36:27 | 200 |  1.193711342s |             ::1 | GET      "/stock/price?ticker=AAPL"
[GIN] 2021/03/15 - 11:36:27 | 200 |  1.236930883s |             ::1 | GET      "/stock/price?ticker=TWTR"
[GIN] 2021/03/15 - 11:36:27 | 200 |  1.242271949s |             ::1 | GET      "/stock/price?ticker=MSFT"
[GIN] 2021/03/15 - 11:36:27 | 200 |  1.424190611s |             ::1 | GET      "/stock/price?ticker=AMZN"
[GIN] 2021/03/15 - 11:36:27 | 200 |  1.459467915s |             ::1 | GET      "/stock/price?ticker=FB"
[GIN] 2021/03/15 - 11:36:27 | 200 |  1.502471083s |             ::1 | GET      "/stock/price?ticker=ADBE"
[GIN] 2021/03/15 - 11:36:27 | 200 |  528.765409ms |             ::1 | GET      "/stock/price?ticker=NVDA"
[GIN] 2021/03/15 - 11:36:28 | 200 |  524.161778ms |             ::1 | GET      "/stock/price?ticker=TSLA"
[GIN] 2021/03/15 - 11:36:28 | 200 |  515.826793ms |             ::1 | GET      "/stock/price?ticker=VMW"
[GIN] 2021/03/15 - 11:36:28 | 200 |  1.198861779s |             ::1 | GET      "/stock/price?ticker=GOOG"
[GIN] 2021/03/15 - 11:36:28 | 200 |  1.177097641s |             ::1 | GET      "/stock/price?ticker=NFLX"
[GIN] 2021/03/15 - 11:36:28 | 200 |   281.56509ms |             ::1 | GET      "/stock/price?ticker=CVX"
[GIN] 2021/03/15 - 11:36:28 | 200 |  1.207494173s |             ::1 | GET      "/stock/price?ticker=BABA"
[GIN] 2021/03/15 - 11:36:29 | 200 |  320.807926ms |             ::1 | GET      "/stock/price?ticker=FTI"
[GIN] 2021/03/15 - 11:36:29 | 200 |   1.41711779s |             ::1 | GET      "/stock/price?ticker=SNE"
[GIN] 2021/03/15 - 11:36:29 | 200 |  295.814798ms |             ::1 | GET      "/stock/price?ticker=ET"
[GIN] 2021/03/15 - 11:36:29 | 200 |  554.741643ms |             ::1 | GET      "/stock/price?ticker=SLB"
[GIN] 2021/03/15 - 11:36:29 | 200 |  270.247553ms |             ::1 | GET      "/stock/price?ticker=FE"
[GIN] 2021/03/15 - 11:36:29 | 200 |   256.34179ms |             ::1 | GET      "/stock/price?ticker=T"
[GIN] 2021/03/15 - 11:36:29 | 200 |  1.225125873s |             ::1 | GET      "/stock/price?ticker=XOM"
[GIN] 2021/03/15 - 11:36:29 | 200 |  304.449961ms |             ::1 | GET      "/stock/price?ticker=PFE"
[GIN] 2021/03/15 - 11:36:29 | 200 |  301.568671ms |             ::1 | GET      "/stock/price?ticker=GME"
[GIN] 2021/03/15 - 11:36:29 | 200 |  329.216577ms |             ::1 | GET      "/stock/price?ticker=VZ"
[GIN] 2021/03/15 - 11:36:29 | 200 |  316.133485ms |             ::1 | GET      "/stock/price?ticker=KO"
[GIN] 2021/03/15 - 11:36:29 | 200 |  295.706237ms |             ::1 | GET      "/stock/price?ticker=NOC"
[GIN] 2021/03/15 - 11:36:29 | 200 |  314.960087ms |             ::1 | GET      "/stock/price?ticker=PEP"
[GIN] 2021/03/15 - 11:36:29 | 200 |  306.849747ms |             ::1 | GET      "/stock/price?ticker=LMT"
[GIN] 2021/03/15 - 11:36:29 | 200 |  1.188040707s |             ::1 | GET      "/stock/price?ticker=FANG"
[GIN] 2021/03/15 - 11:36:30 | 200 |  347.226111ms |             ::1 | GET      "/stock/price?ticker=WMT"
[GIN] 2021/03/15 - 11:36:30 | 200 |  339.341682ms |             ::1 | GET      "/stock/price?ticker=BBY"
[GIN] 2021/03/15 - 11:36:45 | 200 |  289.871127ms |             ::1 | GET      "/stock/price?ticker=AAPL"
[GIN] 2021/03/15 - 11:36:45 | 200 |  295.055995ms |             ::1 | GET      "/stock/price?ticker=FB"
[GIN] 2021/03/15 - 11:36:45 | 200 |   302.69694ms |             ::1 | GET      "/stock/price?ticker=AMZN"
[GIN] 2021/03/15 - 11:36:45 | 200 |  547.243953ms |             ::1 | GET      "/stock/price?ticker=MSFT"
[GIN] 2021/03/15 - 11:36:45 | 200 |  587.615311ms |             ::1 | GET      "/stock/price?ticker=TWTR"
[GIN] 2021/03/15 - 11:36:45 | 200 |  588.003768ms |             ::1 | GET      "/stock/price?ticker=ADBE"
[GIN] 2021/03/15 - 11:36:45 | 200 |  297.046109ms |             ::1 | GET      "/stock/price?ticker=GOOG"
[GIN] 2021/03/15 - 11:36:45 | 200 |  294.799855ms |             ::1 | GET      "/stock/price?ticker=NVDA"
[GIN] 2021/03/15 - 11:36:45 | 200 |  305.041684ms |             ::1 | GET      "/stock/price?ticker=NFLX"
[GIN] 2021/03/15 - 11:36:45 | 200 |  276.127393ms |             ::1 | GET      "/stock/price?ticker=BABA"
[GIN] 2021/03/15 - 11:36:46 | 200 |  323.761237ms |             ::1 | GET      "/stock/price?ticker=SNE"
[GIN] 2021/03/15 - 11:36:46 | 200 |  326.113112ms |             ::1 | GET      "/stock/price?ticker=XOM"
[GIN] 2021/03/15 - 11:36:46 | 200 |  482.015422ms |             ::1 | GET      "/stock/price?ticker=TSLA"
[GIN] 2021/03/15 - 11:36:46 | 200 |  307.988189ms |             ::1 | GET      "/stock/price?ticker=FTI"
[GIN] 2021/03/15 - 11:36:46 | 200 |  291.615909ms |             ::1 | GET      "/stock/price?ticker=ET"
[GIN] 2021/03/15 - 11:36:46 | 200 |  312.749746ms |             ::1 | GET      "/stock/price?ticker=PFE"
[GIN] 2021/03/15 - 11:36:47 | 200 |  1.366698721s |             ::1 | GET      "/stock/price?ticker=VMW"
[GIN] 2021/03/15 - 11:36:47 | 200 |   1.37108727s |             ::1 | GET      "/stock/price?ticker=CVX"
[GIN] 2021/03/15 - 11:36:47 | 200 |   333.45737ms |             ::1 | GET      "/stock/price?ticker=GME"
[GIN] 2021/03/15 - 11:36:47 | 200 |  1.225926554s |             ::1 | GET      "/stock/price?ticker=SLB"
[GIN] 2021/03/15 - 11:36:47 | 200 |  1.155618788s |             ::1 | GET      "/stock/price?ticker=FANG"
[GIN] 2021/03/15 - 11:36:47 | 200 |  316.207702ms |             ::1 | GET      "/stock/price?ticker=T"
[GIN] 2021/03/15 - 11:36:47 | 200 |  332.185953ms |             ::1 | GET      "/stock/price?ticker=VZ"
[GIN] 2021/03/15 - 11:36:47 | 200 |  311.181294ms |             ::1 | GET      "/stock/price?ticker=KO"
[GIN] 2021/03/15 - 11:36:47 | 200 |  283.924075ms |             ::1 | GET      "/stock/price?ticker=NOC"
[GIN] 2021/03/15 - 11:36:47 | 200 |  1.183862675s |             ::1 | GET      "/stock/price?ticker=FE"
[GIN] 2021/03/15 - 11:36:47 | 200 |  291.481902ms |             ::1 | GET      "/stock/price?ticker=LMT"
[GIN] 2021/03/15 - 11:36:47 | 200 |  295.975327ms |             ::1 | GET      "/stock/price?ticker=WMT"
[GIN] 2021/03/15 - 11:36:47 | 200 |  308.792857ms |             ::1 | GET      "/stock/price?ticker=BBY"
[GIN] 2021/03/15 - 11:36:48 | 200 |  1.198910647s |             ::1 | GET      "/stock/price?ticker=PEP"
[GIN] 2021/03/15 - 11:37:04 | 200 |  310.937322ms |             ::1 | GET      "/stock/price?ticker=ADBE"
[GIN] 2021/03/15 - 11:37:04 | 200 |  316.970793ms |             ::1 | GET      "/stock/price?ticker=AAPL"
[GIN] 2021/03/15 - 11:37:04 | 200 |  343.043337ms |             ::1 | GET      "/stock/price?ticker=FB"
[GIN] 2021/03/15 - 11:37:04 | 200 |  500.337572ms |             ::1 | GET      "/stock/price?ticker=MSFT"
[GIN] 2021/03/15 - 11:37:04 | 200 |   289.93784ms |             ::1 | GET      "/stock/price?ticker=GOOG"
[GIN] 2021/03/15 - 11:37:04 | 200 |  311.707676ms |             ::1 | GET      "/stock/price?ticker=NFLX"
[GIN] 2021/03/15 - 11:37:05 | 200 |  535.887032ms |             ::1 | GET      "/stock/price?ticker=NVDA"
[GIN] 2021/03/15 - 11:37:05 | 200 |  360.650849ms |             ::1 | GET      "/stock/price?ticker=TSLA"
[GIN] 2021/03/15 - 11:37:05 | 200 |  329.879862ms |             ::1 | GET      "/stock/price?ticker=SNE"
[GIN] 2021/03/15 - 11:37:05 | 200 |  1.189948074s |             ::1 | GET      "/stock/price?ticker=TWTR"
[GIN] 2021/03/15 - 11:37:05 | 200 |  325.221486ms |             ::1 | GET      "/stock/price?ticker=VMW"
[GIN] 2021/03/15 - 11:37:05 | 200 |  297.516302ms |             ::1 | GET      "/stock/price?ticker=XOM"
[GIN] 2021/03/15 - 11:37:05 | 200 |  336.861779ms |             ::1 | GET      "/stock/price?ticker=CVX"
[GIN] 2021/03/15 - 11:37:05 | 200 |  1.388975225s |             ::1 | GET      "/stock/price?ticker=AMZN"
[GIN] 2021/03/15 - 11:37:05 | 200 |  271.843148ms |             ::1 | GET      "/stock/price?ticker=FANG"
[GIN] 2021/03/15 - 11:37:05 | 200 |   322.38346ms |             ::1 | GET      "/stock/price?ticker=SLB"
[GIN] 2021/03/15 - 11:37:05 | 200 |  293.344048ms |             ::1 | GET      "/stock/price?ticker=FTI"
[GIN] 2021/03/15 - 11:37:05 | 200 |  271.446816ms |             ::1 | GET      "/stock/price?ticker=ET"
[GIN] 2021/03/15 - 11:37:05 | 200 |  261.560964ms |             ::1 | GET      "/stock/price?ticker=FE"
[GIN] 2021/03/15 - 11:37:05 | 200 |   1.18062068s |             ::1 | GET      "/stock/price?ticker=BABA"
[GIN] 2021/03/15 - 11:37:05 | 200 |  279.958056ms |             ::1 | GET      "/stock/price?ticker=PFE"
[GIN] 2021/03/15 - 11:37:05 | 200 |  285.543686ms |             ::1 | GET      "/stock/price?ticker=GME"
[GIN] 2021/03/15 - 11:37:05 | 200 |  267.798996ms |             ::1 | GET      "/stock/price?ticker=T"
[GIN] 2021/03/15 - 11:37:05 | 200 |  261.364643ms |             ::1 | GET      "/stock/price?ticker=VZ"
[GIN] 2021/03/15 - 11:37:06 | 200 |   362.33106ms |             ::1 | GET      "/stock/price?ticker=KO"
[GIN] 2021/03/15 - 11:37:06 | 200 |  349.162104ms |             ::1 | GET      "/stock/price?ticker=PEP"
[GIN] 2021/03/15 - 11:37:06 | 200 |  289.806431ms |             ::1 | GET      "/stock/price?ticker=LMT"
[GIN] 2021/03/15 - 11:37:06 | 200 |  292.950823ms |             ::1 | GET      "/stock/price?ticker=WMT"
[GIN] 2021/03/15 - 11:37:06 | 200 |  294.066214ms |             ::1 | GET      "/stock/price?ticker=BBY"
[GIN] 2021/03/15 - 11:37:07 | 200 |  1.232979324s |             ::1 | GET      "/stock/price?ticker=NOC"
[GIN] 2021/03/15 - 11:37:23 | 200 |  294.753618ms |             ::1 | GET      "/stock/price?ticker=TWTR"
[GIN] 2021/03/15 - 11:37:23 | 200 |  306.012606ms |             ::1 | GET      "/stock/price?ticker=FB"
[GIN] 2021/03/15 - 11:37:23 | 200 |  307.975584ms |             ::1 | GET      "/stock/price?ticker=ADBE"
[GIN] 2021/03/15 - 11:37:23 | 200 |  282.340867ms |             ::1 | GET      "/stock/price?ticker=GOOG"
[GIN] 2021/03/15 - 11:37:23 | 200 |   290.91453ms |             ::1 | GET      "/stock/price?ticker=NVDA"
[GIN] 2021/03/15 - 11:37:23 | 200 |    305.2899ms |             ::1 | GET      "/stock/price?ticker=NFLX"
[GIN] 2021/03/15 - 11:37:23 | 200 |  281.786354ms |             ::1 | GET      "/stock/price?ticker=BABA"
[GIN] 2021/03/15 - 11:37:24 | 200 |  299.384875ms |             ::1 | GET      "/stock/price?ticker=SNE"
[GIN] 2021/03/15 - 11:37:24 | 200 |  318.827547ms |             ::1 | GET      "/stock/price?ticker=TSLA"
[GIN] 2021/03/15 - 11:37:24 | 200 |  306.083232ms |             ::1 | GET      "/stock/price?ticker=VMW"
[GIN] 2021/03/15 - 11:37:24 | 200 |  1.217285941s |             ::1 | GET      "/stock/price?ticker=AAPL"
[GIN] 2021/03/15 - 11:37:24 | 200 |  1.227283119s |             ::1 | GET      "/stock/price?ticker=MSFT"
[GIN] 2021/03/15 - 11:37:24 | 200 |  311.972941ms |             ::1 | GET      "/stock/price?ticker=XOM"
[GIN] 2021/03/15 - 11:37:24 | 200 |  313.571462ms |             ::1 | GET      "/stock/price?ticker=CVX"
[GIN] 2021/03/15 - 11:37:24 | 200 |  1.440741987s |             ::1 | GET      "/stock/price?ticker=AMZN"
[GIN] 2021/03/15 - 11:37:24 | 200 |   291.20514ms |             ::1 | GET      "/stock/price?ticker=FANG"
[GIN] 2021/03/15 - 11:37:24 | 200 |  334.957508ms |             ::1 | GET      "/stock/price?ticker=SLB"
[GIN] 2021/03/15 - 11:37:24 | 200 |  310.706024ms |             ::1 | GET      "/stock/price?ticker=ET"
[GIN] 2021/03/15 - 11:37:24 | 200 |  325.619816ms |             ::1 | GET      "/stock/price?ticker=FTI"
[GIN] 2021/03/15 - 11:37:24 | 200 |  313.136157ms |             ::1 | GET      "/stock/price?ticker=FE"
[GIN] 2021/03/15 - 11:37:24 | 200 |  280.272326ms |             ::1 | GET      "/stock/price?ticker=PFE"
[GIN] 2021/03/15 - 11:37:24 | 200 |  287.174403ms |             ::1 | GET      "/stock/price?ticker=T"
[GIN] 2021/03/15 - 11:37:24 | 200 |   318.06208ms |             ::1 | GET      "/stock/price?ticker=VZ"
[GIN] 2021/03/15 - 11:37:25 | 200 |  346.454041ms |             ::1 | GET      "/stock/price?ticker=PEP"
[GIN] 2021/03/15 - 11:37:25 | 200 |  352.426405ms |             ::1 | GET      "/stock/price?ticker=KO"
[GIN] 2021/03/15 - 11:37:25 | 200 |  366.439108ms |             ::1 | GET      "/stock/price?ticker=GME"
[GIN] 2021/03/15 - 11:37:25 | 200 |  295.391966ms |             ::1 | GET      "/stock/price?ticker=LMT"
[GIN] 2021/03/15 - 11:37:25 | 200 |  312.412503ms |             ::1 | GET      "/stock/price?ticker=WMT"
[GIN] 2021/03/15 - 11:37:25 | 200 |  304.980057ms |             ::1 | GET      "/stock/price?ticker=BBY"
[GIN] 2021/03/15 - 11:37:26 | 200 |  1.213151189s |             ::1 | GET      "/stock/price?ticker=NOC"
[GIN] 2021/03/15 - 11:37:41 | 200 |   565.64764ms |             ::1 | GET      "/stock/price?ticker=FB"
[GIN] 2021/03/15 - 11:37:42 | 200 |  506.093741ms |             ::1 | GET      "/stock/price?ticker=GOOG"
[GIN] 2021/03/15 - 11:37:42 | 200 |  1.166658325s |             ::1 | GET      "/stock/price?ticker=MSFT"
[GIN] 2021/03/15 - 11:37:42 | 200 |   1.19159229s |             ::1 | GET      "/stock/price?ticker=AAPL"
[GIN] 2021/03/15 - 11:37:42 | 200 |  282.303425ms |             ::1 | GET      "/stock/price?ticker=NFLX"
[GIN] 2021/03/15 - 11:37:42 | 200 |   1.46525615s |             ::1 | GET      "/stock/price?ticker=TWTR"
[GIN] 2021/03/15 - 11:37:42 | 200 |  1.623873677s |             ::1 | GET      "/stock/price?ticker=AMZN"
[GIN] 2021/03/15 - 11:37:42 | 200 |  272.795734ms |             ::1 | GET      "/stock/price?ticker=TSLA"
[GIN] 2021/03/15 - 11:37:42 | 200 |   1.65020068s |             ::1 | GET      "/stock/price?ticker=ADBE"
[GIN] 2021/03/15 - 11:37:42 | 200 |  293.875896ms |             ::1 | GET      "/stock/price?ticker=SNE"
[GIN] 2021/03/15 - 11:37:43 | 200 |  282.275306ms |             ::1 | GET      "/stock/price?ticker=XOM"
[GIN] 2021/03/15 - 11:37:43 | 200 |  325.111404ms |             ::1 | GET      "/stock/price?ticker=VMW"
[GIN] 2021/03/15 - 11:37:43 | 200 |  290.419413ms |             ::1 | GET      "/stock/price?ticker=SLB"
[GIN] 2021/03/15 - 11:37:43 | 200 |  288.311832ms |             ::1 | GET      "/stock/price?ticker=FANG"
[GIN] 2021/03/15 - 11:37:43 | 200 |  284.032618ms |             ::1 | GET      "/stock/price?ticker=FTI"
[GIN] 2021/03/15 - 11:37:43 | 200 |  265.867094ms |             ::1 | GET      "/stock/price?ticker=ET"
[GIN] 2021/03/15 - 11:37:43 | 200 |  1.219005464s |             ::1 | GET      "/stock/price?ticker=NVDA"
[GIN] 2021/03/15 - 11:37:43 | 200 |  1.199997378s |             ::1 | GET      "/stock/price?ticker=BABA"
[GIN] 2021/03/15 - 11:37:43 | 200 |  264.218456ms |             ::1 | GET      "/stock/price?ticker=FE"
[GIN] 2021/03/15 - 11:37:43 | 200 |  267.064952ms |             ::1 | GET      "/stock/price?ticker=VZ"
[GIN] 2021/03/15 - 11:37:43 | 200 |  281.735906ms |             ::1 | GET      "/stock/price?ticker=T"
[GIN] 2021/03/15 - 11:37:43 | 200 |  266.418291ms |             ::1 | GET      "/stock/price?ticker=KO"
[GIN] 2021/03/15 - 11:37:43 | 200 |  1.200745732s |             ::1 | GET      "/stock/price?ticker=CVX"
[GIN] 2021/03/15 - 11:37:44 | 200 |  286.734542ms |             ::1 | GET      "/stock/price?ticker=PEP"
[GIN] 2021/03/15 - 11:37:44 | 200 |  504.878879ms |             ::1 | GET      "/stock/price?ticker=LMT"
[GIN] 2021/03/15 - 11:37:44 | 200 |  1.188004007s |             ::1 | GET      "/stock/price?ticker=PFE"
[GIN] 2021/03/15 - 11:37:44 | 200 |  1.206580545s |             ::1 | GET      "/stock/price?ticker=GME"
[GIN] 2021/03/15 - 11:37:44 | 200 |  1.176606223s |             ::1 | GET      "/stock/price?ticker=NOC"
[GIN] 2021/03/15 - 11:37:45 | 200 |  1.223044517s |             ::1 | GET      "/stock/price?ticker=WMT"
[GIN] 2021/03/15 - 11:37:45 | 200 |  1.180890487s |             ::1 | GET      "/stock/price?ticker=BBY"
[GIN] 2021/03/15 - 11:38:01 | 200 |  361.640532ms |             ::1 | GET      "/stock/price?ticker=MSFT"
[GIN] 2021/03/15 - 11:38:01 | 200 |   356.95585ms |             ::1 | GET      "/stock/price?ticker=AAPL"
[GIN] 2021/03/15 - 11:38:01 | 200 |  357.673166ms |             ::1 | GET      "/stock/price?ticker=AMZN"
[GIN] 2021/03/15 - 11:38:01 | 200 |  363.098373ms |             ::1 | GET      "/stock/price?ticker=ADBE"
[GIN] 2021/03/15 - 11:38:01 | 200 |  363.992629ms |             ::1 | GET      "/stock/price?ticker=TWTR"
[GIN] 2021/03/15 - 11:38:01 | 200 |  498.473346ms |             ::1 | GET      "/stock/price?ticker=FB"
[GIN] 2021/03/15 - 11:38:01 | 200 |  304.333799ms |             ::1 | GET      "/stock/price?ticker=GOOG"
[GIN] 2021/03/15 - 11:38:01 | 200 |  320.697923ms |             ::1 | GET      "/stock/price?ticker=NVDA"
[GIN] 2021/03/15 - 11:38:02 | 200 |  348.273071ms |             ::1 | GET      "/stock/price?ticker=XOM"
[GIN] 2021/03/15 - 11:38:02 | 200 |  361.822014ms |             ::1 | GET      "/stock/price?ticker=VMW"
[GIN] 2021/03/15 - 11:38:02 | 200 |  311.798436ms |             ::1 | GET      "/stock/price?ticker=CVX"
[GIN] 2021/03/15 - 11:38:02 | 200 |  1.198073627s |             ::1 | GET      "/stock/price?ticker=BABA"
[GIN] 2021/03/15 - 11:38:02 | 200 |  1.222893501s |             ::1 | GET      "/stock/price?ticker=NFLX"
[GIN] 2021/03/15 - 11:38:02 | 200 |  300.236061ms |             ::1 | GET      "/stock/price?ticker=FANG"
[GIN] 2021/03/15 - 11:38:02 | 200 |  1.175159805s |             ::1 | GET      "/stock/price?ticker=SNE"
[GIN] 2021/03/15 - 11:38:02 | 200 |  1.393339725s |             ::1 | GET      "/stock/price?ticker=TSLA"
[GIN] 2021/03/15 - 11:38:02 | 200 |  308.016666ms |             ::1 | GET      "/stock/price?ticker=FTI"
[GIN] 2021/03/15 - 11:38:03 | 200 |   284.75223ms |             ::1 | GET      "/stock/price?ticker=ET"
[GIN] 2021/03/15 - 11:38:03 | 200 |  269.215384ms |             ::1 | GET      "/stock/price?ticker=FE"
[GIN] 2021/03/15 - 11:38:03 | 200 |  302.898892ms |             ::1 | GET      "/stock/price?ticker=PFE"
[GIN] 2021/03/15 - 11:38:03 | 200 |  292.918065ms |             ::1 | GET      "/stock/price?ticker=T"
[GIN] 2021/03/15 - 11:38:03 | 200 |  294.026632ms |             ::1 | GET      "/stock/price?ticker=KO"
[GIN] 2021/03/15 - 11:38:03 | 200 |  1.250686105s |             ::1 | GET      "/stock/price?ticker=SLB"
[GIN] 2021/03/15 - 11:38:03 | 200 |  317.417082ms |             ::1 | GET      "/stock/price?ticker=PEP"
[GIN] 2021/03/15 - 11:38:03 | 200 |  293.785173ms |             ::1 | GET      "/stock/price?ticker=NOC"
[GIN] 2021/03/15 - 11:38:03 | 200 |  310.825234ms |             ::1 | GET      "/stock/price?ticker=LMT"
[GIN] 2021/03/15 - 11:38:03 | 200 |  321.305238ms |             ::1 | GET      "/stock/price?ticker=BBY"
[GIN] 2021/03/15 - 11:38:03 | 200 |  537.678466ms |             ::1 | GET      "/stock/price?ticker=WMT"
[GIN] 2021/03/15 - 11:38:04 | 200 |  1.206080378s |             ::1 | GET      "/stock/price?ticker=GME"
[GIN] 2021/03/15 - 11:38:04 | 200 |  1.204242152s |             ::1 | GET      "/stock/price?ticker=VZ"
